<?xml version="1.0" encoding="UTF-8"?>
<testsuite xmlns:xsi="http://www.w3.org/2001/XMLSchema-instance" xsi:noNamespaceSchemaLocation="https://maven.apache.org/surefire/maven-surefire-plugin/xsd/surefire-test-report.xsd" name="user Login" time="7.254" tests="1" errors="1" skipped="0" failures="0">
  <properties>
[...]
</properties>
  <testcase name="Successful login" classname="user Login" time="7.231">
    <error message="Step [I should login to the application and see a welcome message] is defined with 0 parameters at &apos;LoginStepdefs.iShouldLoginToTheApplicationAndSeeAWelcomeMessage()&apos;.&#10;However, the gherkin step has 1 arguments:&#10; * Table:&#10;      | firstname | lastname |&#10;      | ahmed     | hammad   |&#10;&#10;Step text: I should login to the application and see a welcome message" type="io.cucumber.core.exception.CucumberException">io.cucumber.core.exception.CucumberException: 
Step [I should login to the application and see a welcome message] is defined with 0 parameters at 'LoginStepdefs.iShouldLoginToTheApplicationAndSeeAWelcomeMessage()'.
However, the gherkin step has 1 arguments:
 * Table:
      | firstname | lastname |
      | ahmed     | hammad   |

Step text: I should login to the application and see a welcome message
</error>
    <system-out><![CDATA[
Scenario: Successful login                                         &amp#27;[90m# login.feature:9&amp#27;[0m
15:41:37.620 [main] DEBUG org.eclipse.jetty.util.log - Logging to Logger[org.eclipse.jetty.util.log] via org.eclipse.jetty.util.log.Slf4jLog
15:41:37.628 [main] INFO org.eclipse.jetty.util.log - Logging initialized @1406ms
15:41:37.635 [main] DEBUG org.eclipse.jetty.util.component.ContainerLifeCycle - org.eclipse.jetty.server.Server@3e2055d6 added {qtp549293029{STOPPED,8<=0<=10,i=0,q=0},AUTO}
15:41:37.644 [main] DEBUG org.eclipse.jetty.util.component.ContainerLifeCycle - HttpConnectionFactory@9cb8225{HTTP/1.1} added {HttpConfiguration@76b07f29{32768/8192,8192/8192,https://:0,[]},POJO}
15:41:37.650 [main] DEBUG org.eclipse.jetty.util.component.ContainerLifeCycle - NetworkTrafficServerConnector@81d9a72{null}{0.0.0.0:0} added {org.eclipse.jetty.server.Server@3e2055d6,UNMANAGED}
15:41:37.651 [main] DEBUG org.eclipse.jetty.util.component.ContainerLifeCycle - NetworkTrafficServerConnector@81d9a72{null}{0.0.0.0:0} added {qtp549293029{STOPPED,8<=0<=10,i=0,q=0},AUTO}
15:41:37.652 [main] DEBUG org.eclipse.jetty.util.component.ContainerLifeCycle - NetworkTrafficServerConnector@81d9a72{null}{0.0.0.0:0} added {org.eclipse.jetty.util.thread.ScheduledExecutorScheduler@264f218,AUTO}
15:41:37.652 [main] DEBUG org.eclipse.jetty.util.component.ContainerLifeCycle - NetworkTrafficServerConnector@81d9a72{null}{0.0.0.0:0} added {org.eclipse.jetty.io.ArrayByteBufferPool@747f281,POJO}
15:41:37.652 [main] DEBUG org.eclipse.jetty.util.component.ContainerLifeCycle - NetworkTrafficServerConnector@81d9a72{null}{0.0.0.0:0} added {HttpConnectionFactory@9cb8225{HTTP/1.1},AUTO}
15:41:37.654 [main] DEBUG org.eclipse.jetty.util.component.ContainerLifeCycle - NetworkTrafficServerConnector@81d9a72{HTTP/1.1}{0.0.0.0:0} added {org.eclipse.jetty.server.ServerConnector$ServerConnectorManager@4808bc9b,MANAGED}
15:41:37.655 [main] DEBUG org.eclipse.jetty.util.component.ContainerLifeCycle - org.eclipse.jetty.server.Server@3e2055d6 added {NetworkTrafficServerConnector@81d9a72{HTTP/1.1}{0.0.0.0:8080},AUTO}
15:41:37.670 [main] DEBUG org.eclipse.jetty.util.component.ContainerLifeCycle - org.eclipse.jetty.server.Server@3e2055d6 added {o.e.j.s.ServletContextHandler@4bbf6d0e{/__admin,null,null},AUTO}
15:41:37.676 [main] DEBUG org.eclipse.jetty.util.component.ContainerLifeCycle - o.e.j.s.ServletContextHandler@4bbf6d0e{/__admin,null,null} added {org.eclipse.jetty.servlet.ServletHandler@6950ed69,AUTO}
15:41:37.682 [main] DEBUG org.eclipse.jetty.util.component.ContainerLifeCycle - org.eclipse.jetty.servlet.ServletHandler@6950ed69 added {org.eclipse.jetty.servlet.DefaultServlet-37911f88@741c81b0==org.eclipse.jetty.servlet.DefaultServlet,-1,false,AUTO}
15:41:37.683 [main] DEBUG org.eclipse.jetty.util.component.ContainerLifeCycle - org.eclipse.jetty.servlet.ServletHandler@6950ed69 added {[/swagger-ui/*]=>org.eclipse.jetty.servlet.DefaultServlet-37911f88,POJO}
15:41:37.685 [main] DEBUG org.eclipse.jetty.util.component.ContainerLifeCycle - org.eclipse.jetty.servlet.ServletHandler@6950ed69 added {com.github.tomakehurst.wiremock.servlet.WireMockHandlerDispatchingServlet-3fa247d1@cc60aba2==com.github.tomakehurst.wiremock.servlet.WireMockHandlerDispatchingServlet,-1,false,AUTO}
15:41:37.685 [main] DEBUG org.eclipse.jetty.util.component.ContainerLifeCycle - org.eclipse.jetty.servlet.ServletHandler@6950ed69 added {[/]=>com.github.tomakehurst.wiremock.servlet.WireMockHandlerDispatchingServlet-3fa247d1,POJO}
15:41:37.691 [main] DEBUG org.eclipse.jetty.util.component.ContainerLifeCycle - org.eclipse.jetty.servlet.ServletHandler@6950ed69 added {org.eclipse.jetty.servlets.CrossOriginFilter-352ff4da,AUTO}
15:41:37.695 [main] DEBUG org.eclipse.jetty.util.component.ContainerLifeCycle - org.eclipse.jetty.servlet.ServletHandler@6950ed69 added {[/*]/[]==1=>org.eclipse.jetty.servlets.CrossOriginFilter-352ff4da,POJO}
15:41:37.695 [main] DEBUG org.eclipse.jetty.util.component.ContainerLifeCycle - org.eclipse.jetty.server.Server@3e2055d6 added {o.e.j.s.ServletContextHandler@bb9e6dc{/,null,null},AUTO}
15:41:37.696 [main] DEBUG org.eclipse.jetty.util.component.ContainerLifeCycle - o.e.j.s.ServletContextHandler@bb9e6dc{/,null,null} added {org.eclipse.jetty.servlet.ServletHandler@5456afaa,AUTO}
15:41:37.696 [main] DEBUG org.eclipse.jetty.util.component.ContainerLifeCycle - org.eclipse.jetty.servlet.ServletHandler@5456afaa added {org.eclipse.jetty.servlet.DefaultServlet-6692b6c6@76fd7bbf==org.eclipse.jetty.servlet.DefaultServlet,-1,false,AUTO}
15:41:37.696 [main] DEBUG org.eclipse.jetty.util.component.ContainerLifeCycle - org.eclipse.jetty.servlet.ServletHandler@5456afaa added {[/__files/*]=>org.eclipse.jetty.servlet.DefaultServlet-6692b6c6,POJO}
15:41:37.698 [main] DEBUG org.eclipse.jetty.util.component.ContainerLifeCycle - org.eclipse.jetty.servlet.ServletHandler@5456afaa added {com.github.tomakehurst.wiremock.servlet.WireMockHandlerDispatchingServlet-50313382@2504f8e1==com.github.tomakehurst.wiremock.servlet.WireMockHandlerDispatchingServlet,-1,false,AUTO}
15:41:37.698 [main] DEBUG org.eclipse.jetty.util.component.ContainerLifeCycle - org.eclipse.jetty.servlet.ServletHandler@5456afaa added {[/]=>com.github.tomakehurst.wiremock.servlet.WireMockHandlerDispatchingServlet-50313382,POJO}
15:41:37.712 [main] DEBUG org.eclipse.jetty.util.component.ContainerLifeCycle - org.eclipse.jetty.servlet.ServletHandler@5456afaa added {org.eclipse.jetty.servlets.GzipFilter-5d43661b,AUTO}
15:41:37.713 [main] DEBUG org.eclipse.jetty.util.component.ContainerLifeCycle - org.eclipse.jetty.servlet.ServletHandler@5456afaa added {[/*]/[]==3=>org.eclipse.jetty.servlets.GzipFilter-5d43661b,POJO}
15:41:37.714 [main] DEBUG org.eclipse.jetty.util.component.ContainerLifeCycle - org.eclipse.jetty.servlet.ServletHandler@5456afaa added {com.github.tomakehurst.wiremock.servlet.ContentTypeSettingFilter-4bf48f6,AUTO}
15:41:37.715 [main] DEBUG org.eclipse.jetty.util.component.ContainerLifeCycle - org.eclipse.jetty.servlet.ServletHandler@5456afaa added {[/__files/*]/[]==2=>com.github.tomakehurst.wiremock.servlet.ContentTypeSettingFilter-4bf48f6,POJO}
15:41:37.716 [main] DEBUG org.eclipse.jetty.util.component.ContainerLifeCycle - org.eclipse.jetty.servlet.ServletHandler@5456afaa added {com.github.tomakehurst.wiremock.servlet.TrailingSlashFilter-62833051,AUTO}
15:41:37.716 [main] DEBUG org.eclipse.jetty.util.component.ContainerLifeCycle - org.eclipse.jetty.servlet.ServletHandler@5456afaa added {[/__files/*]/[]==31=>com.github.tomakehurst.wiremock.servlet.TrailingSlashFilter-62833051,POJO}
15:41:37.721 [main] DEBUG org.eclipse.jetty.util.component.ContainerLifeCycle - org.eclipse.jetty.server.handler.HandlerCollection@51c693d[o.e.j.s.ServletContextHandler@4bbf6d0e{/__admin,null,null}, o.e.j.s.ServletContextHandler@bb9e6dc{/,null,null}] added {o.e.j.s.ServletContextHandler@4bbf6d0e{/__admin,null,null},AUTO}
15:41:37.721 [main] DEBUG org.eclipse.jetty.util.component.ContainerLifeCycle - org.eclipse.jetty.server.handler.HandlerCollection@51c693d[o.e.j.s.ServletContextHandler@4bbf6d0e{/__admin,null,null}, o.e.j.s.ServletContextHandler@bb9e6dc{/,null,null}] added {o.e.j.s.ServletContextHandler@bb9e6dc{/,null,null},AUTO}
15:41:37.722 [main] DEBUG org.eclipse.jetty.util.component.ContainerLifeCycle - org.eclipse.jetty.server.Server@3e2055d6 added {org.eclipse.jetty.server.handler.HandlerCollection@51c693d[o.e.j.s.ServletContextHandler@4bbf6d0e{/__admin,null,null}, o.e.j.s.ServletContextHandler@bb9e6dc{/,null,null}],AUTO}
15:41:37.731 [main] DEBUG org.eclipse.jetty.util.component.AbstractLifeCycle - starting org.eclipse.jetty.server.Server@3e2055d6
15:41:37.734 [main] INFO org.eclipse.jetty.server.Server - jetty-9.2.13.v20150730
15:41:37.748 [main] DEBUG org.eclipse.jetty.server.handler.AbstractHandler - starting org.eclipse.jetty.server.Server@3e2055d6
15:41:37.748 [main] DEBUG org.eclipse.jetty.util.component.AbstractLifeCycle - starting qtp549293029{STOPPED,8<=0<=10,i=0,q=0}
15:41:37.751 [main] DEBUG org.eclipse.jetty.util.component.AbstractLifeCycle - STARTED @1529ms qtp549293029{STARTED,8<=8<=10,i=8,q=0}
15:41:37.751 [main] DEBUG org.eclipse.jetty.util.component.AbstractLifeCycle - starting org.eclipse.jetty.server.handler.HandlerCollection@51c693d[o.e.j.s.ServletContextHandler@4bbf6d0e{/__admin,null,null}, o.e.j.s.ServletContextHandler@bb9e6dc{/,null,null}]
15:41:37.751 [main] DEBUG org.eclipse.jetty.server.handler.AbstractHandler - starting org.eclipse.jetty.server.handler.HandlerCollection@51c693d[o.e.j.s.ServletContextHandler@4bbf6d0e{/__admin,null,null}, o.e.j.s.ServletContextHandler@bb9e6dc{/,null,null}]
15:41:37.751 [main] DEBUG org.eclipse.jetty.util.component.AbstractLifeCycle - starting o.e.j.s.ServletContextHandler@4bbf6d0e{/__admin,null,null}
15:41:37.753 [main] DEBUG org.eclipse.jetty.server.handler.AbstractHandler - starting o.e.j.s.ServletContextHandler@4bbf6d0e{/__admin,null,STARTING}
15:41:37.753 [main] DEBUG org.eclipse.jetty.util.component.AbstractLifeCycle - starting org.eclipse.jetty.servlet.ServletHandler@6950ed69
15:41:37.756 [main] DEBUG org.eclipse.jetty.servlet.ServletHandler - Chose path=/swagger-ui/* mapped to servlet=org.eclipse.jetty.servlet.DefaultServlet-37911f88 from default=false
15:41:37.757 [main] DEBUG org.eclipse.jetty.servlet.ServletHandler - Chose path=/ mapped to servlet=com.github.tomakehurst.wiremock.servlet.WireMockHandlerDispatchingServlet-3fa247d1 from default=false
15:41:37.757 [main] DEBUG org.eclipse.jetty.servlet.ServletHandler - filterNameMap={org.eclipse.jetty.servlets.CrossOriginFilter-352ff4da=org.eclipse.jetty.servlets.CrossOriginFilter-352ff4da}
15:41:37.757 [main] DEBUG org.eclipse.jetty.servlet.ServletHandler - pathFilters=[[/*]/[]==1=>org.eclipse.jetty.servlets.CrossOriginFilter-352ff4da]
15:41:37.757 [main] DEBUG org.eclipse.jetty.servlet.ServletHandler - servletFilterMap={}
15:41:37.758 [main] DEBUG org.eclipse.jetty.servlet.ServletHandler - servletPathMap={/swagger-ui/*=org.eclipse.jetty.servlet.DefaultServlet-37911f88@741c81b0==org.eclipse.jetty.servlet.DefaultServlet,-1,false, /=com.github.tomakehurst.wiremock.servlet.WireMockHandlerDispatchingServlet-3fa247d1@cc60aba2==com.github.tomakehurst.wiremock.servlet.WireMockHandlerDispatchingServlet,-1,false}
15:41:37.760 [main] DEBUG org.eclipse.jetty.servlet.ServletHandler - servletNameMap={com.github.tomakehurst.wiremock.servlet.WireMockHandlerDispatchingServlet-3fa247d1=com.github.tomakehurst.wiremock.servlet.WireMockHandlerDispatchingServlet-3fa247d1@cc60aba2==com.github.tomakehurst.wiremock.servlet.WireMockHandlerDispatchingServlet,-1,false, org.eclipse.jetty.servlet.DefaultServlet-37911f88=org.eclipse.jetty.servlet.DefaultServlet-37911f88@741c81b0==org.eclipse.jetty.servlet.DefaultServlet,-1,false}
15:41:37.761 [main] DEBUG org.eclipse.jetty.server.handler.AbstractHandler - starting org.eclipse.jetty.servlet.ServletHandler@6950ed69
15:41:37.761 [main] DEBUG org.eclipse.jetty.util.component.AbstractLifeCycle - STARTED @1539ms org.eclipse.jetty.servlet.ServletHandler@6950ed69
15:41:37.761 [main] DEBUG org.eclipse.jetty.util.component.AbstractLifeCycle - starting org.eclipse.jetty.servlets.CrossOriginFilter-352ff4da
15:41:37.761 [main] DEBUG org.eclipse.jetty.util.component.AbstractLifeCycle - STARTED @1539ms org.eclipse.jetty.servlets.CrossOriginFilter-352ff4da
15:41:37.769 [main] DEBUG org.eclipse.jetty.servlet.FilterHolder - Filter.init org.eclipse.jetty.servlets.CrossOriginFilter@5495333e
15:41:37.770 [main] DEBUG org.eclipse.jetty.servlets.CrossOriginFilter - Cross-origin filter configuration: allowedOrigins = *, allowedMethods = OPTIONS,GET,POST,PUT,PATCH,DELETE, allowedHeaders = X-Requested-With,Content-Type,Accept,Origin,Authorization, preflightMaxAge = 1800, allowCredentials = true,exposedHeaders = ,chainPreflight = false
15:41:37.771 [main] DEBUG org.eclipse.jetty.util.component.AbstractLifeCycle - starting com.github.tomakehurst.wiremock.servlet.WireMockHandlerDispatchingServlet-3fa247d1@cc60aba2==com.github.tomakehurst.wiremock.servlet.WireMockHandlerDispatchingServlet,-1,false
15:41:37.773 [main] DEBUG org.eclipse.jetty.servlet.BaseHolder - Holding class com.github.tomakehurst.wiremock.servlet.WireMockHandlerDispatchingServlet from sun.misc.Launcher$AppClassLoader@677327b6
15:41:37.775 [main] DEBUG org.eclipse.jetty.util.component.AbstractLifeCycle - STARTED @1553ms com.github.tomakehurst.wiremock.servlet.WireMockHandlerDispatchingServlet-3fa247d1@cc60aba2==com.github.tomakehurst.wiremock.servlet.WireMockHandlerDispatchingServlet,-1,false
15:41:37.776 [main] DEBUG org.eclipse.jetty.util.component.AbstractLifeCycle - starting org.eclipse.jetty.servlet.DefaultServlet-37911f88@741c81b0==org.eclipse.jetty.servlet.DefaultServlet,-1,false
15:41:37.776 [main] DEBUG org.eclipse.jetty.servlet.BaseHolder - Holding class org.eclipse.jetty.servlet.DefaultServlet from sun.misc.Launcher$AppClassLoader@677327b6
15:41:37.777 [main] DEBUG org.eclipse.jetty.util.component.AbstractLifeCycle - STARTED @1555ms org.eclipse.jetty.servlet.DefaultServlet-37911f88@741c81b0==org.eclipse.jetty.servlet.DefaultServlet,-1,false
15:41:37.777 [main] INFO org.eclipse.jetty.server.handler.ContextHandler - Started o.e.j.s.ServletContextHandler@4bbf6d0e{/__admin,null,AVAILABLE}
15:41:37.778 [main] DEBUG org.eclipse.jetty.util.component.AbstractLifeCycle - STARTED @1556ms o.e.j.s.ServletContextHandler@4bbf6d0e{/__admin,null,AVAILABLE}
15:41:37.778 [main] DEBUG org.eclipse.jetty.util.component.AbstractLifeCycle - starting o.e.j.s.ServletContextHandler@bb9e6dc{/,null,null}
15:41:37.779 [main] DEBUG org.eclipse.jetty.server.handler.AbstractHandler - starting o.e.j.s.ServletContextHandler@bb9e6dc{/,null,STARTING}
15:41:37.779 [main] DEBUG org.eclipse.jetty.util.component.AbstractLifeCycle - starting org.eclipse.jetty.servlet.ServletHandler@5456afaa
15:41:37.779 [main] DEBUG org.eclipse.jetty.servlet.ServletHandler - Chose path=/__files/* mapped to servlet=org.eclipse.jetty.servlet.DefaultServlet-6692b6c6 from default=false
15:41:37.779 [main] DEBUG org.eclipse.jetty.servlet.ServletHandler - Chose path=/ mapped to servlet=com.github.tomakehurst.wiremock.servlet.WireMockHandlerDispatchingServlet-50313382 from default=false
15:41:37.780 [main] DEBUG org.eclipse.jetty.servlet.ServletHandler - filterNameMap={com.github.tomakehurst.wiremock.servlet.ContentTypeSettingFilter-4bf48f6=com.github.tomakehurst.wiremock.servlet.ContentTypeSettingFilter-4bf48f6, com.github.tomakehurst.wiremock.servlet.TrailingSlashFilter-62833051=com.github.tomakehurst.wiremock.servlet.TrailingSlashFilter-62833051, org.eclipse.jetty.servlets.GzipFilter-5d43661b=org.eclipse.jetty.servlets.GzipFilter-5d43661b}
15:41:37.780 [main] DEBUG org.eclipse.jetty.servlet.ServletHandler - pathFilters=[[/*]/[]==3=>org.eclipse.jetty.servlets.GzipFilter-5d43661b, [/__files/*]/[]==2=>com.github.tomakehurst.wiremock.servlet.ContentTypeSettingFilter-4bf48f6, [/__files/*]/[]==31=>com.github.tomakehurst.wiremock.servlet.TrailingSlashFilter-62833051]
15:41:37.780 [main] DEBUG org.eclipse.jetty.servlet.ServletHandler - servletFilterMap={}
15:41:37.781 [main] DEBUG org.eclipse.jetty.servlet.ServletHandler - servletPathMap={/__files/*=org.eclipse.jetty.servlet.DefaultServlet-6692b6c6@76fd7bbf==org.eclipse.jetty.servlet.DefaultServlet,-1,false, /=com.github.tomakehurst.wiremock.servlet.WireMockHandlerDispatchingServlet-50313382@2504f8e1==com.github.tomakehurst.wiremock.servlet.WireMockHandlerDispatchingServlet,-1,false}
15:41:37.782 [main] DEBUG org.eclipse.jetty.servlet.ServletHandler - servletNameMap={org.eclipse.jetty.servlet.DefaultServlet-6692b6c6=org.eclipse.jetty.servlet.DefaultServlet-6692b6c6@76fd7bbf==org.eclipse.jetty.servlet.DefaultServlet,-1,false, com.github.tomakehurst.wiremock.servlet.WireMockHandlerDispatchingServlet-50313382=com.github.tomakehurst.wiremock.servlet.WireMockHandlerDispatchingServlet-50313382@2504f8e1==com.github.tomakehurst.wiremock.servlet.WireMockHandlerDispatchingServlet,-1,false}
15:41:37.782 [main] DEBUG org.eclipse.jetty.server.handler.AbstractHandler - starting org.eclipse.jetty.servlet.ServletHandler@5456afaa
15:41:37.782 [main] DEBUG org.eclipse.jetty.util.component.AbstractLifeCycle - STARTED @1561ms org.eclipse.jetty.servlet.ServletHandler@5456afaa
15:41:37.783 [main] DEBUG org.eclipse.jetty.util.component.AbstractLifeCycle - starting org.eclipse.jetty.servlets.GzipFilter-5d43661b
15:41:37.783 [main] DEBUG org.eclipse.jetty.util.component.AbstractLifeCycle - STARTED @1561ms org.eclipse.jetty.servlets.GzipFilter-5d43661b
15:41:37.787 [main] DEBUG org.eclipse.jetty.servlet.FilterHolder - Filter.init org.eclipse.jetty.servlets.GzipFilter@3b74ac8
15:41:37.790 [main] DEBUG org.eclipse.jetty.util.component.AbstractLifeCycle - starting com.github.tomakehurst.wiremock.servlet.ContentTypeSettingFilter-4bf48f6
15:41:37.790 [main] DEBUG org.eclipse.jetty.util.component.AbstractLifeCycle - STARTED @1569ms com.github.tomakehurst.wiremock.servlet.ContentTypeSettingFilter-4bf48f6
15:41:37.791 [main] DEBUG org.eclipse.jetty.servlet.FilterHolder - Filter.init com.github.tomakehurst.wiremock.servlet.ContentTypeSettingFilter@2609b277
15:41:37.791 [main] DEBUG org.eclipse.jetty.util.component.AbstractLifeCycle - starting com.github.tomakehurst.wiremock.servlet.TrailingSlashFilter-62833051
15:41:37.791 [main] DEBUG org.eclipse.jetty.util.component.AbstractLifeCycle - STARTED @1569ms com.github.tomakehurst.wiremock.servlet.TrailingSlashFilter-62833051
15:41:37.791 [main] DEBUG org.eclipse.jetty.servlet.FilterHolder - Filter.init com.github.tomakehurst.wiremock.servlet.TrailingSlashFilter@1fd14d74
15:41:37.791 [main] DEBUG org.eclipse.jetty.util.component.AbstractLifeCycle - starting com.github.tomakehurst.wiremock.servlet.WireMockHandlerDispatchingServlet-50313382@2504f8e1==com.github.tomakehurst.wiremock.servlet.WireMockHandlerDispatchingServlet,-1,false
15:41:37.792 [main] DEBUG org.eclipse.jetty.servlet.BaseHolder - Holding class com.github.tomakehurst.wiremock.servlet.WireMockHandlerDispatchingServlet from sun.misc.Launcher$AppClassLoader@677327b6
15:41:37.792 [main] DEBUG org.eclipse.jetty.util.component.AbstractLifeCycle - STARTED @1570ms com.github.tomakehurst.wiremock.servlet.WireMockHandlerDispatchingServlet-50313382@2504f8e1==com.github.tomakehurst.wiremock.servlet.WireMockHandlerDispatchingServlet,-1,false
15:41:37.792 [main] DEBUG org.eclipse.jetty.util.component.AbstractLifeCycle - starting org.eclipse.jetty.servlet.DefaultServlet-6692b6c6@76fd7bbf==org.eclipse.jetty.servlet.DefaultServlet,-1,false
15:41:37.792 [main] DEBUG org.eclipse.jetty.servlet.BaseHolder - Holding class org.eclipse.jetty.servlet.DefaultServlet from sun.misc.Launcher$AppClassLoader@677327b6
15:41:37.792 [main] DEBUG org.eclipse.jetty.util.component.AbstractLifeCycle - STARTED @1570ms org.eclipse.jetty.servlet.DefaultServlet-6692b6c6@76fd7bbf==org.eclipse.jetty.servlet.DefaultServlet,-1,false
15:41:37.792 [main] INFO org.eclipse.jetty.server.handler.ContextHandler - Started o.e.j.s.ServletContextHandler@bb9e6dc{/,null,AVAILABLE}
15:41:37.793 [main] DEBUG org.eclipse.jetty.util.component.AbstractLifeCycle - STARTED @1571ms o.e.j.s.ServletContextHandler@bb9e6dc{/,null,AVAILABLE}
15:41:37.793 [main] DEBUG org.eclipse.jetty.util.component.AbstractLifeCycle - STARTED @1571ms org.eclipse.jetty.server.handler.HandlerCollection@51c693d[o.e.j.s.ServletContextHandler@4bbf6d0e{/__admin,null,AVAILABLE}, o.e.j.s.ServletContextHandler@bb9e6dc{/,null,AVAILABLE}]
15:41:37.793 [main] DEBUG org.eclipse.jetty.util.component.AbstractLifeCycle - starting NetworkTrafficServerConnector@81d9a72{HTTP/1.1}{0.0.0.0:8080}
15:41:37.817 [main] DEBUG org.eclipse.jetty.util.component.ContainerLifeCycle - NetworkTrafficServerConnector@81d9a72{HTTP/1.1}{0.0.0.0:8080} added {sun.nio.ch.ServerSocketChannelImpl[/0:0:0:0:0:0:0:0:8080],POJO}
15:41:37.817 [main] DEBUG org.eclipse.jetty.util.component.AbstractLifeCycle - starting org.eclipse.jetty.util.thread.ScheduledExecutorScheduler@264f218
15:41:37.818 [main] DEBUG org.eclipse.jetty.util.component.AbstractLifeCycle - STARTED @1597ms org.eclipse.jetty.util.thread.ScheduledExecutorScheduler@264f218
15:41:37.819 [main] DEBUG org.eclipse.jetty.util.component.AbstractLifeCycle - starting HttpConnectionFactory@9cb8225{HTTP/1.1}
15:41:37.819 [main] DEBUG org.eclipse.jetty.util.component.AbstractLifeCycle - STARTED @1597ms HttpConnectionFactory@9cb8225{HTTP/1.1}
15:41:37.819 [main] DEBUG org.eclipse.jetty.util.component.AbstractLifeCycle - starting org.eclipse.jetty.server.ServerConnector$ServerConnectorManager@4808bc9b
15:41:37.827 [main] DEBUG org.eclipse.jetty.util.component.AbstractLifeCycle - starting org.eclipse.jetty.io.SelectorManager$ManagedSelector@662706a7 keys=-1 selected=-1
15:41:37.833 [main] DEBUG org.eclipse.jetty.util.component.AbstractLifeCycle - STARTED @1611ms org.eclipse.jetty.io.SelectorManager$ManagedSelector@662706a7 keys=0 selected=0
15:41:37.835 [main] DEBUG org.eclipse.jetty.util.component.AbstractLifeCycle - starting org.eclipse.jetty.io.SelectorManager$ManagedSelector@327af41b keys=-1 selected=-1
15:41:37.835 [main] DEBUG org.eclipse.jetty.util.component.AbstractLifeCycle - STARTED @1613ms org.eclipse.jetty.io.SelectorManager$ManagedSelector@327af41b keys=0 selected=0
15:41:37.835 [main] DEBUG org.eclipse.jetty.util.component.AbstractLifeCycle - STARTED @1613ms org.eclipse.jetty.server.ServerConnector$ServerConnectorManager@4808bc9b
15:41:37.835 [qtp549293029-13-selector-ServerConnectorManager@4808bc9b/0] DEBUG org.eclipse.jetty.io.SelectorManager - Starting Thread[qtp549293029-13-selector-ServerConnectorManager@4808bc9b/0,5,main] on org.eclipse.jetty.io.SelectorManager$ManagedSelector@662706a7 keys=0 selected=0
15:41:37.835 [qtp549293029-14-selector-ServerConnectorManager@4808bc9b/1] DEBUG org.eclipse.jetty.io.SelectorManager - Starting Thread[qtp549293029-14-selector-ServerConnectorManager@4808bc9b/1,5,main] on org.eclipse.jetty.io.SelectorManager$ManagedSelector@327af41b keys=0 selected=0
15:41:37.836 [qtp549293029-14-selector-ServerConnectorManager@4808bc9b/1] DEBUG org.eclipse.jetty.io.SelectorManager - Selector loop waiting on select
15:41:37.837 [main] DEBUG org.eclipse.jetty.util.component.ContainerLifeCycle - NetworkTrafficServerConnector@81d9a72{HTTP/1.1}{0.0.0.0:8080} added {acceptor-0@f99f5e0,POJO}
15:41:37.837 [qtp549293029-13-selector-ServerConnectorManager@4808bc9b/0] DEBUG org.eclipse.jetty.io.SelectorManager - Selector loop waiting on select
15:41:37.838 [main] DEBUG org.eclipse.jetty.util.component.ContainerLifeCycle - NetworkTrafficServerConnector@81d9a72{HTTP/1.1}{0.0.0.0:8080} added {acceptor-1@6aa61224,POJO}
15:41:37.838 [main] INFO org.eclipse.jetty.server.NetworkTrafficServerConnector - Started NetworkTrafficServerConnector@81d9a72{HTTP/1.1}{0.0.0.0:8080}
15:41:37.838 [main] DEBUG org.eclipse.jetty.util.component.AbstractLifeCycle - STARTED @1616ms NetworkTrafficServerConnector@81d9a72{HTTP/1.1}{0.0.0.0:8080}
15:41:37.839 [main] INFO org.eclipse.jetty.server.Server - Started @1617ms
15:41:37.839 [main] DEBUG org.eclipse.jetty.util.component.AbstractLifeCycle - STARTED @1617ms org.eclipse.jetty.server.Server@3e2055d6
15:41:38.157 [main] DEBUG org.apache.http.impl.conn.PoolingHttpClientConnectionManager - Connection request: [route: {}->http://localhost:8080][total kept alive: 0; route allocated: 0 of 5; total allocated: 0 of 50]
15:41:38.169 [main] DEBUG org.apache.http.impl.conn.PoolingHttpClientConnectionManager - Connection leased: [id: 0][route: {}->http://localhost:8080][total kept alive: 0; route allocated: 1 of 5; total allocated: 1 of 50]
15:41:38.172 [main] DEBUG org.apache.http.impl.execchain.MainClientExec - Opening connection {}->http://localhost:8080
15:41:38.175 [main] DEBUG org.apache.http.impl.conn.DefaultHttpClientConnectionOperator - Connecting to localhost/127.0.0.1:8080
15:41:38.177 [main] DEBUG org.apache.http.impl.conn.DefaultHttpClientConnectionOperator - Connection established 127.0.0.1:39486<->127.0.0.1:8080
15:41:38.178 [main] DEBUG org.apache.http.impl.execchain.MainClientExec - Executing request POST /__admin/mappings HTTP/1.1
15:41:38.178 [main] DEBUG org.apache.http.impl.execchain.MainClientExec - Target auth state: UNCHALLENGED
15:41:38.179 [main] DEBUG org.apache.http.impl.execchain.MainClientExec - Proxy auth state: UNCHALLENGED
15:41:38.181 [qtp549293029-15-acceptor-0@f99f5e0-NetworkTrafficServerConnector@81d9a72{HTTP/1.1}{0.0.0.0:8080}] DEBUG org.eclipse.jetty.io.SelectorManager - Queued change org.eclipse.jetty.io.SelectorManager$ManagedSelector$Accept@3098e788
15:41:38.181 [main] DEBUG org.apache.http.headers - http-outgoing-0 >> POST /__admin/mappings HTTP/1.1
15:41:38.181 [qtp549293029-13-selector-ServerConnectorManager@4808bc9b/0] DEBUG org.eclipse.jetty.io.SelectorManager - Selector loop woken up from select, 0/0 selected
15:41:38.181 [main] DEBUG org.apache.http.headers - http-outgoing-0 >> Content-Length: 381
15:41:38.181 [main] DEBUG org.apache.http.headers - http-outgoing-0 >> Content-Type: text/plain; charset=UTF-8
15:41:38.181 [main] DEBUG org.apache.http.headers - http-outgoing-0 >> Host: localhost:8080
15:41:38.181 [qtp549293029-13-selector-ServerConnectorManager@4808bc9b/0] DEBUG org.eclipse.jetty.io.SelectorManager - Running change org.eclipse.jetty.io.SelectorManager$ManagedSelector$Accept@3098e788
15:41:38.181 [main] DEBUG org.apache.http.headers - http-outgoing-0 >> Connection: Keep-Alive
15:41:38.181 [main] DEBUG org.apache.http.headers - http-outgoing-0 >> User-Agent: Apache-HttpClient/4.5.1 (Java/1.8.0_212)
15:41:38.182 [main] DEBUG org.apache.http.wire - http-outgoing-0 >> "POST /__admin/mappings HTTP/1.1[\r][\n]"
15:41:38.182 [main] DEBUG org.apache.http.wire - http-outgoing-0 >> "Content-Length: 381[\r][\n]"
15:41:38.182 [main] DEBUG org.apache.http.wire - http-outgoing-0 >> "Content-Type: text/plain; charset=UTF-8[\r][\n]"
15:41:38.182 [main] DEBUG org.apache.http.wire - http-outgoing-0 >> "Host: localhost:8080[\r][\n]"
15:41:38.182 [main] DEBUG org.apache.http.wire - http-outgoing-0 >> "Connection: Keep-Alive[\r][\n]"
15:41:38.182 [main] DEBUG org.apache.http.wire - http-outgoing-0 >> "User-Agent: Apache-HttpClient/4.5.1 (Java/1.8.0_212)[\r][\n]"
15:41:38.182 [main] DEBUG org.apache.http.wire - http-outgoing-0 >> "[\r][\n]"
15:41:38.182 [main] DEBUG org.apache.http.wire - http-outgoing-0 >> "{[\n]"
15:41:38.182 [main] DEBUG org.apache.http.wire - http-outgoing-0 >> "  "id" : "54e231fa-be5c-444d-996e-d8e3df84bfce",[\n]"
15:41:38.183 [main] DEBUG org.apache.http.wire - http-outgoing-0 >> "  "request" : {[\n]"
15:41:38.183 [main] DEBUG org.apache.http.wire - http-outgoing-0 >> "    "url" : "/api/login",[\n]"
15:41:38.183 [main] DEBUG org.apache.http.wire - http-outgoing-0 >> "    "method" : "GET",[\n]"
15:41:38.183 [main] DEBUG org.apache.http.wire - http-outgoing-0 >> "    "headers" : {[\n]"
15:41:38.183 [main] DEBUG org.apache.http.wire - http-outgoing-0 >> "      "content-type" : {[\n]"
15:41:38.183 [main] DEBUG org.apache.http.wire - http-outgoing-0 >> "        "equalTo" : "application/json"[\n]"
15:41:38.183 [main] DEBUG org.apache.http.wire - http-outgoing-0 >> "      }[\n]"
15:41:38.183 [main] DEBUG org.apache.http.wire - http-outgoing-0 >> "    },[\n]"
15:41:38.183 [main] DEBUG org.apache.http.wire - http-outgoing-0 >> "    "bodyPatterns" : [ {[\n]"
15:41:38.183 [main] DEBUG org.apache.http.wire - http-outgoing-0 >> "      "contains" : "testing-framework"[\n]"
15:41:38.183 [main] DEBUG org.apache.http.wire - http-outgoing-0 >> "    } ][\n]"
15:41:38.183 [main] DEBUG org.apache.http.wire - http-outgoing-0 >> "  },[\n]"
15:41:38.183 [main] DEBUG org.apache.http.wire - http-outgoing-0 >> "  "response" : {[\n]"
15:41:38.183 [main] DEBUG org.apache.http.wire - http-outgoing-0 >> "    "status" : 200[\n]"
15:41:38.183 [main] DEBUG org.apache.http.wire - http-outgoing-0 >> "  },[\n]"
15:41:38.184 [main] DEBUG org.apache.http.wire - http-outgoing-0 >> "  "uuid" : "54e231fa-be5c-444d-996e-d8e3df84bfce"[\n]"
15:41:38.184 [main] DEBUG org.apache.http.wire - http-outgoing-0 >> "}"
15:41:38.199 [qtp549293029-13-selector-ServerConnectorManager@4808bc9b/0] DEBUG org.eclipse.jetty.io.AbstractEndPoint - onOpen NetworkTrafficSelectChannelEndPoint@7c366505{/127.0.0.1:39486<->8080,Open,in,out,-,-,5/30000,null}{io=0,kio=0,kro=0}
15:41:38.200 [qtp549293029-13-selector-ServerConnectorManager@4808bc9b/0] DEBUG org.eclipse.jetty.io.IdleTimeout - NetworkTrafficSelectChannelEndPoint@7c366505{/127.0.0.1:39486<->8080,Open,in,out,-,-,5/30000,null}{io=0,kio=0,kro=0} idle timeout check, elapsed: 5 ms, remaining: 29995 ms
15:41:38.279 [qtp549293029-13-selector-ServerConnectorManager@4808bc9b/0] DEBUG org.eclipse.jetty.server.HttpChannel - new HttpChannelOverHttp@2a1d95d7{r=0,c=false,a=IDLE,uri=-} -> NetworkTrafficSelectChannelEndPoint@7c366505{/127.0.0.1:39486<->8080,Open,in,out,-,-,85/30000,null}{io=0,kio=0,kro=0},null,HttpChannelState@77143cf5{s=IDLE i=true a=null}
15:41:38.284 [qtp549293029-13-selector-ServerConnectorManager@4808bc9b/0] DEBUG org.eclipse.jetty.server.HttpConnection - New HTTP Connection HttpConnection@752fb0af{IDLE}
15:41:38.284 [qtp549293029-13-selector-ServerConnectorManager@4808bc9b/0] DEBUG org.eclipse.jetty.io.AbstractConnection - onOpen HttpConnection@752fb0af{IDLE}
15:41:38.284 [qtp549293029-13-selector-ServerConnectorManager@4808bc9b/0] DEBUG org.eclipse.jetty.io.AbstractConnection - fillInterested HttpConnection@752fb0af{IDLE}
15:41:38.284 [qtp549293029-13-selector-ServerConnectorManager@4808bc9b/0] DEBUG org.eclipse.jetty.io.AbstractConnection - IDLE-->FILL_INTERESTED HttpConnection@752fb0af{FILL_INTERESTED}
15:41:38.285 [qtp549293029-13-selector-ServerConnectorManager@4808bc9b/0] DEBUG org.eclipse.jetty.io.SelectChannelEndPoint - Local interests updating 0 -> 1 for NetworkTrafficSelectChannelEndPoint@7c366505{/127.0.0.1:39486<->8080,Open,in,out,R,-,1/30000,HttpConnection}{io=1,kio=0,kro=0}
15:41:38.285 [qtp549293029-13-selector-ServerConnectorManager@4808bc9b/0] DEBUG org.eclipse.jetty.io.SelectorManager - Queued change org.eclipse.jetty.io.SelectChannelEndPoint$1@53330f93
15:41:38.285 [qtp549293029-13-selector-ServerConnectorManager@4808bc9b/0] DEBUG org.eclipse.jetty.io.SelectorManager - Created NetworkTrafficSelectChannelEndPoint@7c366505{/127.0.0.1:39486<->8080,Open,in,out,R,-,1/30000,HttpConnection}{io=1,kio=0,kro=0}
15:41:38.285 [qtp549293029-13-selector-ServerConnectorManager@4808bc9b/0] DEBUG org.eclipse.jetty.io.SelectorManager - Running change org.eclipse.jetty.io.SelectChannelEndPoint$1@53330f93
15:41:38.286 [qtp549293029-13-selector-ServerConnectorManager@4808bc9b/0] DEBUG org.eclipse.jetty.io.SelectChannelEndPoint - Key interests updated 0 -> 1 on NetworkTrafficSelectChannelEndPoint@7c366505{/127.0.0.1:39486<->8080,Open,in,out,R,-,1/30000,HttpConnection}{io=1,kio=1,kro=0}
15:41:38.286 [qtp549293029-13-selector-ServerConnectorManager@4808bc9b/0] DEBUG org.eclipse.jetty.io.SelectorManager - Selector loop waiting on select
15:41:38.286 [qtp549293029-13-selector-ServerConnectorManager@4808bc9b/0] DEBUG org.eclipse.jetty.io.SelectorManager - Selector loop woken up from select, 1/1 selected
15:41:38.286 [qtp549293029-13-selector-ServerConnectorManager@4808bc9b/0] DEBUG org.eclipse.jetty.io.SelectChannelEndPoint - Key interests updated 1 -> 0 on NetworkTrafficSelectChannelEndPoint@7c366505{/127.0.0.1:39486<->8080,Open,in,out,R,-,2/30000,HttpConnection}{io=1,kio=0,kro=1}
15:41:38.287 [qtp549293029-13-selector-ServerConnectorManager@4808bc9b/0] DEBUG org.eclipse.jetty.io.SelectChannelEndPoint - Local interests updating 1 -> 0 for NetworkTrafficSelectChannelEndPoint@7c366505{/127.0.0.1:39486<->8080,Open,in,out,R,-,3/30000,HttpConnection}{io=0,kio=0,kro=1}
15:41:38.287 [qtp549293029-13-selector-ServerConnectorManager@4808bc9b/0] DEBUG org.eclipse.jetty.io.SelectorManager - Queued change org.eclipse.jetty.io.SelectChannelEndPoint$1@53330f93
15:41:38.287 [qtp549293029-13-selector-ServerConnectorManager@4808bc9b/0] DEBUG org.eclipse.jetty.io.AbstractConnection - FILL_INTERESTED-->FILLING HttpConnection@752fb0af{FILLING}
15:41:38.287 [qtp549293029-13-selector-ServerConnectorManager@4808bc9b/0] DEBUG org.eclipse.jetty.io.SelectorManager - Running change org.eclipse.jetty.io.SelectChannelEndPoint$1@53330f93
15:41:38.287 [qtp549293029-13-selector-ServerConnectorManager@4808bc9b/0] DEBUG org.eclipse.jetty.io.SelectorManager - Selector loop waiting on select
15:41:38.288 [qtp549293029-17] DEBUG org.eclipse.jetty.server.HttpConnection - HttpConnection@752fb0af{FILLING} onFillable HttpChannelState@77143cf5{s=IDLE i=true a=null}
15:41:38.288 [qtp549293029-17] DEBUG org.eclipse.jetty.io.ChannelEndPoint - filled 578 NetworkTrafficSelectChannelEndPoint@7c366505{/127.0.0.1:39486<->8080,Open,in,out,-,-,4/30000,HttpConnection}{io=0,kio=0,kro=1}
15:41:38.289 [qtp549293029-17] DEBUG org.eclipse.jetty.http.HttpParser - parseNext s=START HeapByteBuffer@6972a7ca[p=0,l=578,c=8192,r=578]={<<<POST /__admin/map...d8e3df84bfce"\n}>>>\x00\x00\x00\x00\x00\x00\x00\x00\x00\x00\x00\x00\x00\x00\x00\x00\x00...\x00\x00\x00\x00\x00\x00\x00\x00\x00\x00\x00\x00\x00\x00\x00}
15:41:38.289 [qtp549293029-17] DEBUG org.eclipse.jetty.http.HttpParser - START --> SPACE1
15:41:38.290 [qtp549293029-17] DEBUG org.eclipse.jetty.http.HttpParser - SPACE1 --> URI
15:41:38.290 [qtp549293029-17] DEBUG org.eclipse.jetty.http.HttpParser - URI --> SPACE2
15:41:38.290 [qtp549293029-17] DEBUG org.eclipse.jetty.http.HttpParser - SPACE2 --> REQUEST_VERSION
15:41:38.291 [qtp549293029-17] DEBUG org.eclipse.jetty.http.HttpParser - REQUEST_VERSION --> HEADER
15:41:38.291 [qtp549293029-17] DEBUG org.eclipse.jetty.http.HttpParser - HEADER --> HEADER_VALUE
15:41:38.291 [qtp549293029-17] DEBUG org.eclipse.jetty.http.HttpParser - HEADER_VALUE --> HEADER_IN_VALUE
15:41:38.291 [qtp549293029-17] DEBUG org.eclipse.jetty.http.HttpParser - HEADER_IN_VALUE --> HEADER
15:41:38.292 [qtp549293029-17] DEBUG org.eclipse.jetty.http.HttpParser - HEADER --> HEADER_IN_VALUE
15:41:38.292 [qtp549293029-17] DEBUG org.eclipse.jetty.http.HttpParser - HEADER_IN_VALUE --> HEADER
15:41:38.292 [qtp549293029-17] DEBUG org.eclipse.jetty.http.HttpParser - HEADER --> HEADER_VALUE
15:41:38.292 [qtp549293029-17] DEBUG org.eclipse.jetty.http.HttpParser - HEADER_VALUE --> HEADER_IN_VALUE
15:41:38.292 [qtp549293029-17] DEBUG org.eclipse.jetty.http.HttpParser - HEADER_IN_VALUE --> HEADER
15:41:38.292 [qtp549293029-17] DEBUG org.eclipse.jetty.http.HttpParser - HEADER --> HEADER_IN_VALUE
15:41:38.292 [qtp549293029-17] DEBUG org.eclipse.jetty.http.HttpParser - HEADER_IN_VALUE --> HEADER
15:41:38.293 [qtp549293029-17] DEBUG org.eclipse.jetty.http.HttpParser - HEADER --> HEADER_VALUE
15:41:38.293 [qtp549293029-17] DEBUG org.eclipse.jetty.http.HttpParser - HEADER_VALUE --> HEADER_IN_VALUE
15:41:38.293 [qtp549293029-17] DEBUG org.eclipse.jetty.http.HttpParser - HEADER_IN_VALUE --> HEADER
15:41:38.293 [qtp549293029-17] DEBUG org.eclipse.jetty.http.HttpParser - HEADER --> CONTENT
15:41:38.294 [qtp549293029-17] DEBUG org.eclipse.jetty.server.HttpChannel - HttpChannelOverHttp@2a1d95d7{r=1,c=false,a=IDLE,uri=-} handle enter
15:41:38.294 [qtp549293029-17 - /__admin/mappings] DEBUG org.eclipse.jetty.server.HttpChannelState - HttpChannelState@77143cf5{s=IDLE i=true a=null} handling IDLE
15:41:38.296 [qtp549293029-17 - /__admin/mappings] DEBUG org.eclipse.jetty.server.HttpChannel - HttpChannelOverHttp@2a1d95d7{r=1,c=false,a=DISPATCHED,uri=/__admin/mappings} action REQUEST_DISPATCH
15:41:38.297 [qtp549293029-17 - /__admin/mappings] DEBUG org.eclipse.jetty.server.Server - REQUEST POST /__admin/mappings on HttpChannelOverHttp@2a1d95d7{r=1,c=false,a=DISPATCHED,uri=/__admin/mappings}
15:41:38.297 [qtp549293029-17 - /__admin/mappings] DEBUG org.eclipse.jetty.server.handler.ContextHandler - scope null||/__admin/mappings @ o.e.j.s.ServletContextHandler@4bbf6d0e{/__admin,null,AVAILABLE}
15:41:38.298 [qtp549293029-17 - /__admin/mappings] DEBUG org.eclipse.jetty.server.handler.ContextHandler - context=/__admin||/mappings @ o.e.j.s.ServletContextHandler@4bbf6d0e{/__admin,null,AVAILABLE}
15:41:38.298 [qtp549293029-17 - /__admin/mappings] DEBUG org.eclipse.jetty.servlet.ServletHandler - servlet /__admin|/mappings|null -> com.github.tomakehurst.wiremock.servlet.WireMockHandlerDispatchingServlet-3fa247d1@cc60aba2==com.github.tomakehurst.wiremock.servlet.WireMockHandlerDispatchingServlet,-1,false
15:41:38.300 [qtp549293029-17 - /__admin/mappings] DEBUG org.eclipse.jetty.servlet.ServletHandler - chain=org.eclipse.jetty.servlets.CrossOriginFilter-352ff4da->com.github.tomakehurst.wiremock.servlet.WireMockHandlerDispatchingServlet-3fa247d1@cc60aba2==com.github.tomakehurst.wiremock.servlet.WireMockHandlerDispatchingServlet,-1,false
15:41:38.304 [qtp549293029-17 - /__admin/mappings] DEBUG org.eclipse.jetty.servlet.ServletHolder - Servlet.init com.github.tomakehurst.wiremock.servlet.WireMockHandlerDispatchingServlet@2cc04e54 for com.github.tomakehurst.wiremock.servlet.WireMockHandlerDispatchingServlet-3fa247d1
15:41:38.305 [qtp549293029-17 - /__admin/mappings] INFO /__admin - RequestHandlerClass from context returned com.github.tomakehurst.wiremock.http.AdminRequestHandler. Normalized mapped under returned 'null'
15:41:38.306 [qtp549293029-17 - /__admin/mappings] DEBUG org.eclipse.jetty.servlet.ServletHandler - call filter org.eclipse.jetty.servlets.CrossOriginFilter-352ff4da
15:41:38.306 [qtp549293029-17 - /__admin/mappings] DEBUG org.eclipse.jetty.servlet.ServletHandler - call servlet com.github.tomakehurst.wiremock.servlet.WireMockHandlerDispatchingServlet-3fa247d1@cc60aba2==com.github.tomakehurst.wiremock.servlet.WireMockHandlerDispatchingServlet,-1,true
15:41:38.313 [qtp549293029-17 - /__admin/mappings] DEBUG org.eclipse.jetty.http.HttpParser - parseNext s=CONTENT HeapByteBuffer@6972a7ca[p=197,l=578,c=8192,r=381]={POST /__admin/map.../1.8.0_212)\r\n\r\n<<<{\n  "id" : "54e23...d8e3df84bfce"\n}>>>\x00\x00\x00\x00\x00\x00\x00\x00\x00\x00\x00\x00\x00\x00\x00\x00\x00...\x00\x00\x00\x00\x00\x00\x00\x00\x00\x00\x00\x00\x00\x00\x00}
15:41:38.313 [qtp549293029-17 - /__admin/mappings] DEBUG org.eclipse.jetty.server.HttpChannel - HttpChannelOverHttp@2a1d95d7{r=1,c=false,a=DISPATCHED,uri=/__admin/mappings} content java.nio.HeapByteBufferR[pos=197 lim=578 cap=8192]
15:41:38.313 [qtp549293029-17 - /__admin/mappings] DEBUG org.eclipse.jetty.http.HttpParser - parseNext s=CONTENT HeapByteBuffer@6972a7ca[p=578,l=578,c=8192,r=0]={POST /__admin/map...d8e3df84bfce"\n}<<<>>>\x00\x00\x00\x00\x00\x00\x00\x00\x00\x00\x00\x00\x00\x00\x00\x00\x00...\x00\x00\x00\x00\x00\x00\x00\x00\x00\x00\x00\x00\x00\x00\x00}
15:41:38.313 [qtp549293029-17 - /__admin/mappings] DEBUG org.eclipse.jetty.http.HttpParser - CONTENT --> END
15:41:38.314 [qtp549293029-17 - /__admin/mappings] DEBUG org.eclipse.jetty.server.HttpChannel - HttpChannelOverHttp@2a1d95d7{r=1,c=false,a=DISPATCHED,uri=/__admin/mappings} messageComplete
15:41:38.314 [qtp549293029-17 - /__admin/mappings] DEBUG org.eclipse.jetty.server.HttpInput - HttpInputOverHTTP@8562d82 EOF
15:41:38.314 [qtp549293029-17 - /__admin/mappings] DEBUG org.eclipse.jetty.io.ChannelEndPoint - filled 0 NetworkTrafficSelectChannelEndPoint@7c366505{/127.0.0.1:39486<->8080,Open,in,out,-,-,25/30000,HttpConnection}{io=0,kio=0,kro=1}
15:41:38.314 [qtp549293029-17 - /__admin/mappings] DEBUG org.eclipse.jetty.server.HttpConnection - HttpConnection@752fb0af{FILLING} filled 0
15:41:38.314 [qtp549293029-17 - /__admin/mappings] DEBUG org.eclipse.jetty.server.HttpInput - HttpInputOverHTTP@8562d82 eof EOF
15:41:38.315 [qtp549293029-17 - /__admin/mappings] DEBUG org.eclipse.jetty.server.HttpInput - HttpInputOverHTTP@8562d82 eof EOF
15:41:38.425 [qtp549293029-17 - /__admin/mappings] DEBUG org.eclipse.jetty.server.HttpConnection - org.eclipse.jetty.server.HttpConnection$SendCallback@695c4e2f[PROCESSING][i=ResponseInfo{HTTP/1.1 201 null,-1,false},cb=org.eclipse.jetty.server.HttpChannel$CommitCallback@58d998df] generate: NEED_HEADER (null,[p=0,l=381,c=32768,r=381],false)@START
15:41:38.426 [qtp549293029-17 - /__admin/mappings] DEBUG org.eclipse.jetty.server.HttpConnection - org.eclipse.jetty.server.HttpConnection$SendCallback@695c4e2f[PROCESSING][i=ResponseInfo{HTTP/1.1 201 null,-1,false},cb=org.eclipse.jetty.server.HttpChannel$CommitCallback@58d998df] generate: FLUSH ([p=0,l=122,c=8192,r=122],[p=0,l=381,c=32768,r=381],false)@COMMITTED
15:41:38.427 [qtp549293029-17 - /__admin/mappings] DEBUG org.eclipse.jetty.io.WriteFlusher - write: WriteFlusher@201deaf7{IDLE} [HeapByteBuffer@777618ad[p=0,l=122,c=8192,r=122]={<<<HTTP/1.1 201 Crea...50730)\r\n\r\n17D\r\n>>>\x00\x00\x00\x00\x00\x00\x00\x00\x00\x00\x00\x00\x00\x00\x00\x00\x00...\x00\x00\x00\x00\x00\x00\x00\x00\x00\x00\x00\x00\x00\x00\x00},HeapByteBuffer@63fd79fc[p=0,l=381,c=32768,r=381]={<<<{\n  "id" : "54e23...d8e3df84bfce"\n}>>>\x00\x00\x00\x00\x00\x00\x00\x00\x00\x00\x00\x00\x00\x00\x00\x00\x00...\x00\x00\x00\x00\x00\x00\x00\x00\x00\x00\x00\x00\x00\x00\x00}]
15:41:38.427 [qtp549293029-17 - /__admin/mappings] DEBUG org.eclipse.jetty.io.WriteFlusher - update WriteFlusher@201deaf7{WRITING}:IDLE-->WRITING
15:41:38.428 [main] DEBUG org.apache.http.wire - http-outgoing-0 << "HTTP/1.1 201 Created[\r][\n]"
15:41:38.428 [main] DEBUG org.apache.http.wire - http-outgoing-0 << "Content-Type: application/json[\r][\n]"
15:41:38.428 [main] DEBUG org.apache.http.wire - http-outgoing-0 << "Transfer-Encoding: chunked[\r][\n]"
15:41:38.428 [main] DEBUG org.apache.http.wire - http-outgoing-0 << "Server: Jetty(9.2.13.v20150730)[\r][\n]"
15:41:38.428 [main] DEBUG org.apache.http.wire - http-outgoing-0 << "[\r][\n]"
15:41:38.428 [main] DEBUG org.apache.http.wire - http-outgoing-0 << "17D[\r][\n]"
15:41:38.432 [main] DEBUG org.apache.http.headers - http-outgoing-0 << HTTP/1.1 201 Created
15:41:38.432 [main] DEBUG org.apache.http.headers - http-outgoing-0 << Content-Type: application/json
15:41:38.432 [main] DEBUG org.apache.http.headers - http-outgoing-0 << Transfer-Encoding: chunked
15:41:38.432 [main] DEBUG org.apache.http.headers - http-outgoing-0 << Server: Jetty(9.2.13.v20150730)
15:41:38.438 [qtp549293029-17 - /__admin/mappings] DEBUG org.eclipse.jetty.io.ChannelEndPoint - flushed 122 NetworkTrafficSelectChannelEndPoint@7c366505{/127.0.0.1:39486<->8080,Open,in,out,-,W,148/30000,HttpConnection}{io=0,kio=0,kro=1}
15:41:38.438 [qtp549293029-17 - /__admin/mappings] DEBUG org.eclipse.jetty.io.ChannelEndPoint - flushed 381 NetworkTrafficSelectChannelEndPoint@7c366505{/127.0.0.1:39486<->8080,Open,in,out,-,W,0/30000,HttpConnection}{io=0,kio=0,kro=1}
15:41:38.440 [qtp549293029-17 - /__admin/mappings] DEBUG org.eclipse.jetty.io.WriteFlusher - update WriteFlusher@201deaf7{IDLE}:WRITING-->IDLE
15:41:38.441 [qtp549293029-17 - /__admin/mappings] DEBUG org.eclipse.jetty.server.HttpConnection - org.eclipse.jetty.server.HttpConnection$SendCallback@695c4e2f[PROCESSING][i=ResponseInfo{HTTP/1.1 201 null,-1,false},cb=org.eclipse.jetty.server.HttpChannel$CommitCallback@58d998df] generate: DONE ([p=122,l=122,c=8192,r=0],[p=381,l=381,c=32768,r=0],false)@COMMITTED
15:41:38.441 [qtp549293029-17 - /__admin/mappings] DEBUG org.eclipse.jetty.server.HttpConnection - org.eclipse.jetty.server.HttpConnection$SendCallback@695c4e2f[PROCESSING][i=null,cb=Blocker@5cd0b326{null}] generate: CONTINUE (null,[p=0,l=0,c=0,r=0],true)@COMPLETING
15:41:38.442 [qtp549293029-17 - /__admin/mappings] DEBUG org.eclipse.jetty.server.HttpConnection - org.eclipse.jetty.server.HttpConnection$SendCallback@695c4e2f[PROCESSING][i=null,cb=Blocker@5cd0b326{null}] generate: NEED_CHUNK (null,[p=0,l=0,c=0,r=0],true)@COMPLETING
15:41:38.442 [qtp549293029-17 - /__admin/mappings] DEBUG org.eclipse.jetty.server.HttpConnection - org.eclipse.jetty.server.HttpConnection$SendCallback@695c4e2f[PROCESSING][i=null,cb=Blocker@5cd0b326{null}] generate: FLUSH (null,[p=0,l=0,c=0,r=0],true)@COMPLETING
15:41:38.442 [qtp549293029-17 - /__admin/mappings] DEBUG org.eclipse.jetty.io.WriteFlusher - write: WriteFlusher@201deaf7{IDLE} [HeapByteBuffer@1b247b61[p=0,l=7,c=1024,r=7]={<<<\r\n0\r\n\r\n>>>\x00\x00\x00\x00\x00\x00\x00\x00\x00\x00\x00\x00\x00\x00\x00\x00\x00...\x00\x00\x00\x00\x00\x00\x00\x00\x00\x00\x00\x00\x00\x00\x00}]
15:41:38.443 [qtp549293029-17 - /__admin/mappings] DEBUG org.eclipse.jetty.io.WriteFlusher - update WriteFlusher@201deaf7{WRITING}:IDLE-->WRITING
15:41:38.443 [qtp549293029-17 - /__admin/mappings] DEBUG org.eclipse.jetty.io.ChannelEndPoint - flushed 7 NetworkTrafficSelectChannelEndPoint@7c366505{/127.0.0.1:39486<->8080,Open,in,out,-,W,3/30000,HttpConnection}{io=0,kio=0,kro=1}
15:41:38.444 [qtp549293029-17 - /__admin/mappings] DEBUG org.eclipse.jetty.io.WriteFlusher - update WriteFlusher@201deaf7{IDLE}:WRITING-->IDLE
15:41:38.444 [qtp549293029-17 - /__admin/mappings] DEBUG org.eclipse.jetty.server.HttpConnection - org.eclipse.jetty.server.HttpConnection$SendCallback@695c4e2f[PROCESSING][i=null,cb=Blocker@5cd0b326{null}] generate: DONE (null,[p=0,l=0,c=0,r=0],true)@END
15:41:38.444 [qtp549293029-17 - /__admin/mappings] DEBUG org.eclipse.jetty.server.handler.ContextHandler - scope null||/__admin/mappings @ o.e.j.s.ServletContextHandler@bb9e6dc{/,null,AVAILABLE}
15:41:38.444 [qtp549293029-17 - /__admin/mappings] DEBUG org.eclipse.jetty.server.Server - RESPONSE /__admin/mappings  201 handled=true
15:41:38.445 [qtp549293029-17 - /__admin/mappings] DEBUG org.eclipse.jetty.server.HttpChannelState - HttpChannelState@77143cf5{s=DISPATCHED i=true a=null} unhandle DISPATCHED
15:41:38.440 [main] DEBUG org.apache.http.impl.execchain.MainClientExec - Connection can be kept alive indefinitely
15:41:38.452 [main] DEBUG org.apache.http.wire - http-outgoing-0 << "{[\n]"
15:41:38.452 [main] DEBUG org.apache.http.wire - http-outgoing-0 << "  "id" : "54e231fa-be5c-444d-996e-d8e3df84bfce",[\n]"
15:41:38.452 [main] DEBUG org.apache.http.wire - http-outgoing-0 << "  "request" : {[\n]"
15:41:38.454 [main] DEBUG org.apache.http.wire - http-outgoing-0 << "    "url" : "/api/login",[\n]"
15:41:38.454 [main] DEBUG org.apache.http.wire - http-outgoing-0 << "    "method" : "GET",[\n]"
15:41:38.454 [main] DEBUG org.apache.http.wire - http-outgoing-0 << "    "headers" : {[\n]"
15:41:38.454 [main] DEBUG org.apache.http.wire - http-outgoing-0 << "      "content-type" : {[\n]"
15:41:38.454 [main] DEBUG org.apache.http.wire - http-outgoing-0 << "        "equalTo" : "application/json"[\n]"
15:41:38.454 [main] DEBUG org.apache.http.wire - http-outgoing-0 << "      }[\n]"
15:41:38.454 [main] DEBUG org.apache.http.wire - http-outgoing-0 << "    },[\n]"
15:41:38.454 [main] DEBUG org.apache.http.wire - http-outgoing-0 << "    "bodyPatterns" : [ {[\n]"
15:41:38.454 [main] DEBUG org.apache.http.wire - http-outgoing-0 << "      "contains" : "testing-framework"[\n]"
15:41:38.455 [main] DEBUG org.apache.http.wire - http-outgoing-0 << "    } ][\n]"
15:41:38.455 [main] DEBUG org.apache.http.wire - http-outgoing-0 << "  },[\n]"
15:41:38.455 [main] DEBUG org.apache.http.wire - http-outgoing-0 << "  "response" : {[\n]"
15:41:38.456 [main] DEBUG org.apache.http.wire - http-outgoing-0 << "    "status" : 200[\n]"
15:41:38.456 [main] DEBUG org.apache.http.wire - http-outgoing-0 << "  },[\n]"
15:41:38.456 [main] DEBUG org.apache.http.wire - http-outgoing-0 << "  "uuid" : "54e231fa-be5c-444d-996e-d8e3df84bfce"[\n]"
15:41:38.456 [main] DEBUG org.apache.http.wire - http-outgoing-0 << "}[\r][\n]"
15:41:38.456 [main] DEBUG org.apache.http.wire - http-outgoing-0 << "0[\r][\n]"
15:41:38.456 [main] DEBUG org.apache.http.wire - http-outgoing-0 << "[\r][\n]"
15:41:38.456 [main] DEBUG org.apache.http.impl.conn.PoolingHttpClientConnectionManager - Connection [id: 0][route: {}->http://localhost:8080] can be kept alive indefinitely
15:41:38.457 [main] DEBUG org.apache.http.impl.conn.PoolingHttpClientConnectionManager - Connection released: [id: 0][route: {}->http://localhost:8080][total kept alive: 1; route allocated: 1 of 5; total allocated: 1 of 50]
15:41:38.458 [main] DEBUG org.apache.http.client.protocol.RequestAddCookies - CookieSpec selected: default
15:41:38.455 [qtp549293029-17 - /__admin/mappings] DEBUG org.eclipse.jetty.http.HttpParser - reset HttpParser{s=END,381 of 381}
15:41:38.468 [qtp549293029-17 - /__admin/mappings] DEBUG org.eclipse.jetty.http.HttpParser - END --> START
15:41:38.470 [qtp549293029-17] DEBUG org.eclipse.jetty.server.HttpChannel - HttpChannelOverHttp@2a1d95d7{r=1,c=false,a=IDLE,uri=-} handle exit, result COMPLETE
15:41:38.471 [qtp549293029-17] DEBUG org.eclipse.jetty.io.ChannelEndPoint - filled 0 NetworkTrafficSelectChannelEndPoint@7c366505{/127.0.0.1:39486<->8080,Open,in,out,-,-,28/30000,HttpConnection}{io=0,kio=0,kro=1}
15:41:38.472 [qtp549293029-17] DEBUG org.eclipse.jetty.io.ChannelEndPoint - filled 0 NetworkTrafficSelectChannelEndPoint@7c366505{/127.0.0.1:39486<->8080,Open,in,out,-,-,28/30000,HttpConnection}{io=0,kio=0,kro=1}
15:41:38.472 [qtp549293029-17] DEBUG org.eclipse.jetty.http.HttpParser - parseNext s=START HeapByteBuffer@777618ad[p=0,l=0,c=8192,r=0]={<<<>>>HTTP/1.1 201 Crea...\x00\x00\x00\x00\x00\x00\x00\x00\x00\x00\x00\x00\x00\x00\x00}
15:41:38.473 [qtp549293029-17] DEBUG org.eclipse.jetty.io.AbstractConnection - fillInterested HttpConnection@752fb0af{FILLING}
15:41:38.474 [qtp549293029-17] DEBUG org.eclipse.jetty.io.AbstractConnection - FILLING-->FILLING_FILL_INTERESTED HttpConnection@752fb0af{FILLING_FILL_INTERESTED}
15:41:38.476 [qtp549293029-17] DEBUG org.eclipse.jetty.io.AbstractConnection - FILLING_FILL_INTERESTED-->FILL_INTERESTED HttpConnection@752fb0af{FILL_INTERESTED}
15:41:38.477 [qtp549293029-17] DEBUG org.eclipse.jetty.io.SelectChannelEndPoint - Local interests updating 0 -> 1 for NetworkTrafficSelectChannelEndPoint@7c366505{/127.0.0.1:39486<->8080,Open,in,out,R,-,0/30000,HttpConnection}{io=1,kio=0,kro=1}
15:41:38.477 [qtp549293029-17] DEBUG org.eclipse.jetty.io.SelectorManager - Queued change org.eclipse.jetty.io.SelectChannelEndPoint$1@53330f93
15:41:38.477 [qtp549293029-13-selector-ServerConnectorManager@4808bc9b/0] DEBUG org.eclipse.jetty.io.SelectorManager - Selector loop woken up from select, 0/1 selected
15:41:38.477 [qtp549293029-13-selector-ServerConnectorManager@4808bc9b/0] DEBUG org.eclipse.jetty.io.SelectorManager - Running change org.eclipse.jetty.io.SelectChannelEndPoint$1@53330f93
15:41:38.477 [qtp549293029-13-selector-ServerConnectorManager@4808bc9b/0] DEBUG org.eclipse.jetty.io.SelectChannelEndPoint - Key interests updated 0 -> 1 on NetworkTrafficSelectChannelEndPoint@7c366505{/127.0.0.1:39486<->8080,Open,in,out,R,-,1/30000,HttpConnection}{io=1,kio=1,kro=1}
15:41:38.477 [qtp549293029-13-selector-ServerConnectorManager@4808bc9b/0] DEBUG org.eclipse.jetty.io.SelectorManager - Selector loop waiting on select
15:41:38.473 [main] DEBUG org.apache.http.client.protocol.RequestAuthCache - Auth cache not set in the context
15:41:38.483 [main] DEBUG org.apache.http.impl.conn.PoolingHttpClientConnectionManager - Connection request: [route: {}->http://localhost:8080][total kept alive: 0; route allocated: 0 of 2; total allocated: 0 of 20]
15:41:38.483 [main] DEBUG org.apache.http.impl.conn.PoolingHttpClientConnectionManager - Connection leased: [id: 1][route: {}->http://localhost:8080][total kept alive: 0; route allocated: 1 of 2; total allocated: 1 of 20]
15:41:38.483 [main] DEBUG org.apache.http.impl.execchain.MainClientExec - Opening connection {}->http://localhost:8080
15:41:38.484 [main] DEBUG org.apache.http.impl.conn.DefaultHttpClientConnectionOperator - Connecting to localhost/127.0.0.1:8080
15:41:38.485 [main] DEBUG org.apache.http.impl.conn.DefaultHttpClientConnectionOperator - Connection established 127.0.0.1:39488<->127.0.0.1:8080
15:41:38.485 [qtp549293029-16-acceptor-1@6aa61224-NetworkTrafficServerConnector@81d9a72{HTTP/1.1}{0.0.0.0:8080}] DEBUG org.eclipse.jetty.io.SelectorManager - Queued change org.eclipse.jetty.io.SelectorManager$ManagedSelector$Accept@e80cd9
15:41:38.485 [qtp549293029-14-selector-ServerConnectorManager@4808bc9b/1] DEBUG org.eclipse.jetty.io.SelectorManager - Selector loop woken up from select, 0/0 selected
15:41:38.485 [qtp549293029-14-selector-ServerConnectorManager@4808bc9b/1] DEBUG org.eclipse.jetty.io.SelectorManager - Running change org.eclipse.jetty.io.SelectorManager$ManagedSelector$Accept@e80cd9
15:41:38.486 [qtp549293029-14-selector-ServerConnectorManager@4808bc9b/1] DEBUG org.eclipse.jetty.io.AbstractEndPoint - onOpen NetworkTrafficSelectChannelEndPoint@72ab88f7{/127.0.0.1:39488<->8080,Open,in,out,-,-,0/30000,null}{io=0,kio=0,kro=0}
15:41:38.486 [qtp549293029-14-selector-ServerConnectorManager@4808bc9b/1] DEBUG org.eclipse.jetty.io.IdleTimeout - NetworkTrafficSelectChannelEndPoint@72ab88f7{/127.0.0.1:39488<->8080,Open,in,out,-,-,1/30000,null}{io=0,kio=0,kro=0} idle timeout check, elapsed: 1 ms, remaining: 29999 ms
15:41:38.486 [qtp549293029-14-selector-ServerConnectorManager@4808bc9b/1] DEBUG org.eclipse.jetty.server.HttpChannel - new HttpChannelOverHttp@7694127a{r=0,c=false,a=IDLE,uri=-} -> NetworkTrafficSelectChannelEndPoint@72ab88f7{/127.0.0.1:39488<->8080,Open,in,out,-,-,1/30000,null}{io=0,kio=0,kro=0},null,HttpChannelState@339682cc{s=IDLE i=true a=null}
15:41:38.487 [qtp549293029-14-selector-ServerConnectorManager@4808bc9b/1] DEBUG org.eclipse.jetty.server.HttpConnection - New HTTP Connection HttpConnection@2c2d199d{IDLE}
15:41:38.487 [qtp549293029-14-selector-ServerConnectorManager@4808bc9b/1] DEBUG org.eclipse.jetty.io.AbstractConnection - onOpen HttpConnection@2c2d199d{IDLE}
15:41:38.487 [qtp549293029-14-selector-ServerConnectorManager@4808bc9b/1] DEBUG org.eclipse.jetty.io.AbstractConnection - fillInterested HttpConnection@2c2d199d{IDLE}
15:41:38.487 [qtp549293029-14-selector-ServerConnectorManager@4808bc9b/1] DEBUG org.eclipse.jetty.io.AbstractConnection - IDLE-->FILL_INTERESTED HttpConnection@2c2d199d{FILL_INTERESTED}
15:41:38.487 [qtp549293029-14-selector-ServerConnectorManager@4808bc9b/1] DEBUG org.eclipse.jetty.io.SelectChannelEndPoint - Local interests updating 0 -> 1 for NetworkTrafficSelectChannelEndPoint@72ab88f7{/127.0.0.1:39488<->8080,Open,in,out,R,-,0/30000,HttpConnection}{io=1,kio=0,kro=0}
15:41:38.487 [qtp549293029-14-selector-ServerConnectorManager@4808bc9b/1] DEBUG org.eclipse.jetty.io.SelectorManager - Queued change org.eclipse.jetty.io.SelectChannelEndPoint$1@26fd0df
15:41:38.487 [qtp549293029-14-selector-ServerConnectorManager@4808bc9b/1] DEBUG org.eclipse.jetty.io.SelectorManager - Created NetworkTrafficSelectChannelEndPoint@72ab88f7{/127.0.0.1:39488<->8080,Open,in,out,R,-,0/30000,HttpConnection}{io=1,kio=0,kro=0}
15:41:38.487 [qtp549293029-14-selector-ServerConnectorManager@4808bc9b/1] DEBUG org.eclipse.jetty.io.SelectorManager - Running change org.eclipse.jetty.io.SelectChannelEndPoint$1@26fd0df
15:41:38.488 [qtp549293029-14-selector-ServerConnectorManager@4808bc9b/1] DEBUG org.eclipse.jetty.io.SelectChannelEndPoint - Key interests updated 0 -> 1 on NetworkTrafficSelectChannelEndPoint@72ab88f7{/127.0.0.1:39488<->8080,Open,in,out,R,-,1/30000,HttpConnection}{io=1,kio=1,kro=0}
15:41:38.488 [qtp549293029-14-selector-ServerConnectorManager@4808bc9b/1] DEBUG org.eclipse.jetty.io.SelectorManager - Selector loop waiting on select
15:41:38.488 [main] DEBUG org.apache.http.impl.execchain.MainClientExec - Executing request GET /login/api HTTP/1.1
15:41:38.489 [main] DEBUG org.apache.http.impl.execchain.MainClientExec - Target auth state: UNCHALLENGED
15:41:38.489 [main] DEBUG org.apache.http.impl.execchain.MainClientExec - Proxy auth state: UNCHALLENGED
15:41:38.490 [main] DEBUG org.apache.http.headers - http-outgoing-1 >> GET /login/api HTTP/1.1
15:41:38.490 [main] DEBUG org.apache.http.headers - http-outgoing-1 >> accept: application/json
15:41:38.490 [main] DEBUG org.apache.http.headers - http-outgoing-1 >> Host: localhost:8080
15:41:38.491 [main] DEBUG org.apache.http.headers - http-outgoing-1 >> Connection: Keep-Alive
15:41:38.491 [main] DEBUG org.apache.http.headers - http-outgoing-1 >> User-Agent: Apache-HttpClient/4.5.1 (Java/1.8.0_212)
15:41:38.491 [main] DEBUG org.apache.http.headers - http-outgoing-1 >> Accept-Encoding: gzip,deflate
15:41:38.491 [main] DEBUG org.apache.http.wire - http-outgoing-1 >> "GET /login/api HTTP/1.1[\r][\n]"
15:41:38.491 [main] DEBUG org.apache.http.wire - http-outgoing-1 >> "accept: application/json[\r][\n]"
15:41:38.492 [main] DEBUG org.apache.http.wire - http-outgoing-1 >> "Host: localhost:8080[\r][\n]"
15:41:38.492 [main] DEBUG org.apache.http.wire - http-outgoing-1 >> "Connection: Keep-Alive[\r][\n]"
15:41:38.492 [main] DEBUG org.apache.http.wire - http-outgoing-1 >> "User-Agent: Apache-HttpClient/4.5.1 (Java/1.8.0_212)[\r][\n]"
15:41:38.492 [main] DEBUG org.apache.http.wire - http-outgoing-1 >> "Accept-Encoding: gzip,deflate[\r][\n]"
15:41:38.492 [main] DEBUG org.apache.http.wire - http-outgoing-1 >> "[\r][\n]"
15:41:38.492 [qtp549293029-14-selector-ServerConnectorManager@4808bc9b/1] DEBUG org.eclipse.jetty.io.SelectorManager - Selector loop woken up from select, 1/1 selected
15:41:38.493 [qtp549293029-14-selector-ServerConnectorManager@4808bc9b/1] DEBUG org.eclipse.jetty.io.SelectChannelEndPoint - Key interests updated 1 -> 0 on NetworkTrafficSelectChannelEndPoint@72ab88f7{/127.0.0.1:39488<->8080,Open,in,out,R,-,5/30000,HttpConnection}{io=1,kio=0,kro=1}
15:41:38.493 [qtp549293029-14-selector-ServerConnectorManager@4808bc9b/1] DEBUG org.eclipse.jetty.io.SelectChannelEndPoint - Local interests updating 1 -> 0 for NetworkTrafficSelectChannelEndPoint@72ab88f7{/127.0.0.1:39488<->8080,Open,in,out,R,-,6/30000,HttpConnection}{io=0,kio=0,kro=1}
15:41:38.493 [qtp549293029-14-selector-ServerConnectorManager@4808bc9b/1] DEBUG org.eclipse.jetty.io.SelectorManager - Queued change org.eclipse.jetty.io.SelectChannelEndPoint$1@26fd0df
15:41:38.493 [qtp549293029-14-selector-ServerConnectorManager@4808bc9b/1] DEBUG org.eclipse.jetty.io.AbstractConnection - FILL_INTERESTED-->FILLING HttpConnection@2c2d199d{FILLING}
15:41:38.493 [qtp549293029-14-selector-ServerConnectorManager@4808bc9b/1] DEBUG org.eclipse.jetty.io.SelectorManager - Running change org.eclipse.jetty.io.SelectChannelEndPoint$1@26fd0df
15:41:38.493 [qtp549293029-14-selector-ServerConnectorManager@4808bc9b/1] DEBUG org.eclipse.jetty.io.SelectorManager - Selector loop waiting on select
15:41:38.493 [qtp549293029-18] DEBUG org.eclipse.jetty.server.HttpConnection - HttpConnection@2c2d199d{FILLING} onFillable HttpChannelState@339682cc{s=IDLE i=true a=null}
15:41:38.494 [qtp549293029-18] DEBUG org.eclipse.jetty.io.ChannelEndPoint - filled 184 NetworkTrafficSelectChannelEndPoint@72ab88f7{/127.0.0.1:39488<->8080,Open,in,out,-,-,7/30000,HttpConnection}{io=0,kio=0,kro=1}
15:41:38.494 [qtp549293029-18] DEBUG org.eclipse.jetty.http.HttpParser - parseNext s=START HeapByteBuffer@6972a7ca[p=0,l=184,c=8192,r=184]={<<<GET /login/api HT...zip,deflate\r\n\r\n>>>.8.0_212)\r\n\r\n{\n  ...\x00\x00\x00\x00\x00\x00\x00\x00\x00\x00\x00\x00\x00\x00\x00}
15:41:38.494 [qtp549293029-18] DEBUG org.eclipse.jetty.http.HttpParser - START --> SPACE1
15:41:38.494 [qtp549293029-18] DEBUG org.eclipse.jetty.http.HttpParser - SPACE1 --> URI
15:41:38.494 [qtp549293029-18] DEBUG org.eclipse.jetty.http.HttpParser - URI --> SPACE2
15:41:38.494 [qtp549293029-18] DEBUG org.eclipse.jetty.http.HttpParser - SPACE2 --> REQUEST_VERSION
15:41:38.496 [qtp549293029-18] DEBUG org.eclipse.jetty.http.HttpParser - REQUEST_VERSION --> HEADER
15:41:38.496 [qtp549293029-18] DEBUG org.eclipse.jetty.http.HttpParser - HEADER --> HEADER_VALUE
15:41:38.496 [qtp549293029-18] DEBUG org.eclipse.jetty.http.HttpParser - HEADER_VALUE --> HEADER_IN_VALUE
15:41:38.496 [qtp549293029-18] DEBUG org.eclipse.jetty.http.HttpParser - HEADER_IN_VALUE --> HEADER
15:41:38.496 [qtp549293029-18] DEBUG org.eclipse.jetty.http.HttpParser - HEADER --> HEADER_VALUE
15:41:38.496 [qtp549293029-18] DEBUG org.eclipse.jetty.http.HttpParser - HEADER_VALUE --> HEADER_IN_VALUE
15:41:38.497 [qtp549293029-18] DEBUG org.eclipse.jetty.http.HttpParser - HEADER_IN_VALUE --> HEADER
15:41:38.497 [qtp549293029-18] DEBUG org.eclipse.jetty.http.HttpParser - HEADER --> HEADER_IN_VALUE
15:41:38.497 [qtp549293029-18] DEBUG org.eclipse.jetty.http.HttpParser - HEADER_IN_VALUE --> HEADER
15:41:38.497 [qtp549293029-18] DEBUG org.eclipse.jetty.http.HttpParser - HEADER --> HEADER_VALUE
15:41:38.497 [qtp549293029-18] DEBUG org.eclipse.jetty.http.HttpParser - HEADER_VALUE --> HEADER_IN_VALUE
15:41:38.497 [qtp549293029-18] DEBUG org.eclipse.jetty.http.HttpParser - HEADER_IN_VALUE --> HEADER
15:41:38.497 [qtp549293029-18] DEBUG org.eclipse.jetty.http.HttpParser - HEADER --> HEADER_IN_VALUE
15:41:38.497 [qtp549293029-18] DEBUG org.eclipse.jetty.http.HttpParser - HEADER_IN_VALUE --> HEADER
15:41:38.497 [qtp549293029-18] DEBUG org.eclipse.jetty.http.HttpParser - HEADER --> END
15:41:38.498 [qtp549293029-18] DEBUG org.eclipse.jetty.server.HttpChannel - HttpChannelOverHttp@7694127a{r=1,c=false,a=IDLE,uri=-} messageComplete
15:41:38.498 [qtp549293029-18] DEBUG org.eclipse.jetty.server.HttpInput - HttpInputOverHTTP@44f13bcc EOF
15:41:38.498 [qtp549293029-18] DEBUG org.eclipse.jetty.server.HttpChannel - HttpChannelOverHttp@7694127a{r=1,c=false,a=IDLE,uri=-} handle enter
15:41:38.498 [qtp549293029-18 - /login/api] DEBUG org.eclipse.jetty.server.HttpChannelState - HttpChannelState@339682cc{s=IDLE i=true a=null} handling IDLE
15:41:38.498 [qtp549293029-18 - /login/api] DEBUG org.eclipse.jetty.server.HttpChannel - HttpChannelOverHttp@7694127a{r=1,c=false,a=DISPATCHED,uri=/login/api} action REQUEST_DISPATCH
15:41:38.498 [qtp549293029-18 - /login/api] DEBUG org.eclipse.jetty.server.Server - REQUEST GET /login/api on HttpChannelOverHttp@7694127a{r=1,c=false,a=DISPATCHED,uri=/login/api}
15:41:38.498 [qtp549293029-18 - /login/api] DEBUG org.eclipse.jetty.server.handler.ContextHandler - scope null||/login/api @ o.e.j.s.ServletContextHandler@4bbf6d0e{/__admin,null,AVAILABLE}
15:41:38.498 [qtp549293029-18 - /login/api] DEBUG org.eclipse.jetty.server.handler.ContextHandler - scope null||/login/api @ o.e.j.s.ServletContextHandler@bb9e6dc{/,null,AVAILABLE}
15:41:38.499 [qtp549293029-18 - /login/api] DEBUG org.eclipse.jetty.server.handler.ContextHandler - context=||/login/api @ o.e.j.s.ServletContextHandler@bb9e6dc{/,null,AVAILABLE}
15:41:38.499 [qtp549293029-18 - /login/api] DEBUG org.eclipse.jetty.servlet.ServletHandler - servlet |/login/api|null -> com.github.tomakehurst.wiremock.servlet.WireMockHandlerDispatchingServlet-50313382@2504f8e1==com.github.tomakehurst.wiremock.servlet.WireMockHandlerDispatchingServlet,-1,false
15:41:38.499 [qtp549293029-18 - /login/api] DEBUG org.eclipse.jetty.servlet.ServletHandler - chain=org.eclipse.jetty.servlets.GzipFilter-5d43661b->com.github.tomakehurst.wiremock.servlet.WireMockHandlerDispatchingServlet-50313382@2504f8e1==com.github.tomakehurst.wiremock.servlet.WireMockHandlerDispatchingServlet,-1,false
15:41:38.499 [qtp549293029-18 - /login/api] DEBUG org.eclipse.jetty.servlet.ServletHolder - Servlet.init com.github.tomakehurst.wiremock.servlet.WireMockHandlerDispatchingServlet@4a36dd22 for com.github.tomakehurst.wiremock.servlet.WireMockHandlerDispatchingServlet-50313382
15:41:38.499 [qtp549293029-18 - /login/api] INFO / - RequestHandlerClass from context returned com.github.tomakehurst.wiremock.http.StubRequestHandler. Normalized mapped under returned 'null'
15:41:38.499 [qtp549293029-18 - /login/api] DEBUG org.eclipse.jetty.servlet.ServletHandler - call filter org.eclipse.jetty.servlets.GzipFilter-5d43661b
15:41:38.501 [qtp549293029-18 - /login/api] DEBUG org.eclipse.jetty.servlet.ServletHandler - call servlet com.github.tomakehurst.wiremock.servlet.WireMockHandlerDispatchingServlet-50313382@2504f8e1==com.github.tomakehurst.wiremock.servlet.WireMockHandlerDispatchingServlet,-1,true
15:41:38.517 [qtp549293029-18 - /login/api] DEBUG org.eclipse.jetty.server.HttpInput - HttpInputOverHTTP@44f13bcc eof EOF
15:41:38.517 [qtp549293029-18 - /login/api] DEBUG org.eclipse.jetty.server.HttpInput - HttpInputOverHTTP@44f13bcc eof EOF
15:41:38.550 [qtp549293029-18 - /login/api] ERROR WireMock - Request was not matched:
{
  "url" : "/login/api",
  "absoluteUrl" : "http://localhost:8080/login/api",
  "method" : "GET",
  "clientIp" : "127.0.0.1",
  "headers" : {
    "Connection" : "keep-alive",
    "User-Agent" : "Apache-HttpClient/4.5.1 (Java/1.8.0_212)",
    "Host" : "localhost:8080",
    "Accept-Encoding" : "gzip,deflate",
    "Accept" : "application/json"
  },
  "cookies" : { },
  "browserProxyRequest" : false,
  "loggedDate" : 1581514898519,
  "bodyAsBase64" : "",
  "body" : "",
  "loggedDateString" : "2020-02-12T13:41:38Z"
}
Closest match:
{
  "url" : "/api/login",
  "method" : "GET",
  "headers" : {
    "content-type" : {
      "equalTo" : "application/json"
    }
  },
  "bodyPatterns" : [ {
    "contains" : "testing-framework"
  } ]
}
15:41:38.553 [qtp549293029-18 - /login/api] DEBUG org.eclipse.jetty.server.handler.ContextHandler - scope /||/__files/login/api @ o.e.j.s.ServletContextHandler@bb9e6dc{/,null,AVAILABLE}
15:41:38.553 [qtp549293029-18 - /login/api] DEBUG org.eclipse.jetty.server.handler.ContextHandler - context=||/__files/login/api @ o.e.j.s.ServletContextHandler@bb9e6dc{/,null,AVAILABLE}
15:41:38.553 [qtp549293029-18 - /login/api] DEBUG org.eclipse.jetty.servlet.ServletHandler - servlet |/__files|/login/api -> org.eclipse.jetty.servlet.DefaultServlet-6692b6c6@76fd7bbf==org.eclipse.jetty.servlet.DefaultServlet,-1,false
15:41:38.553 [qtp549293029-18 - /login/api] DEBUG org.eclipse.jetty.servlet.ServletHandler - chain=org.eclipse.jetty.servlets.GzipFilter-5d43661b->com.github.tomakehurst.wiremock.servlet.ContentTypeSettingFilter-4bf48f6->com.github.tomakehurst.wiremock.servlet.TrailingSlashFilter-62833051->org.eclipse.jetty.servlet.DefaultServlet-6692b6c6@76fd7bbf==org.eclipse.jetty.servlet.DefaultServlet,-1,false
15:41:38.560 [qtp549293029-18 - /login/api] DEBUG org.eclipse.jetty.servlet.ServletHolder - Servlet.init org.eclipse.jetty.servlet.DefaultServlet@1bf3e2b0 for org.eclipse.jetty.servlet.DefaultServlet-6692b6c6
15:41:38.571 [qtp549293029-18 - /login/api] DEBUG org.eclipse.jetty.servlet.DefaultServlet - resource base = file:/home/mohannad/IdeaProjects/test%20workshop/src/test/resources/
15:41:38.571 [qtp549293029-18 - /login/api] DEBUG org.eclipse.jetty.servlet.ServletHandler - call filter org.eclipse.jetty.servlets.GzipFilter-5d43661b
15:41:38.572 [qtp549293029-18 - /login/api] DEBUG org.eclipse.jetty.servlet.ServletHandler - call filter com.github.tomakehurst.wiremock.servlet.ContentTypeSettingFilter-4bf48f6
15:41:38.572 [qtp549293029-18 - /login/api] DEBUG org.eclipse.jetty.servlet.ServletHandler - call filter com.github.tomakehurst.wiremock.servlet.TrailingSlashFilter-62833051
15:41:38.574 [qtp549293029-18 - /login/api] DEBUG org.eclipse.jetty.servlet.ServletHandler - call servlet org.eclipse.jetty.servlet.DefaultServlet-6692b6c6@76fd7bbf==org.eclipse.jetty.servlet.DefaultServlet,-1,true
15:41:38.575 [qtp549293029-18 - /login/api] DEBUG org.eclipse.jetty.servlet.DefaultServlet - Resource /__files/login/api=file:/home/mohannad/IdeaProjects/test%20workshop/src/test/resources/__files/login/api
15:41:38.575 [qtp549293029-18 - /login/api] DEBUG org.eclipse.jetty.servlet.DefaultServlet - uri=/__files/login/api, resource=null, content=null
15:41:38.579 [qtp549293029-18 - /login/api] DEBUG org.eclipse.jetty.server.HttpConnection - org.eclipse.jetty.server.HttpConnection$SendCallback@5ab54a45[PROCESSING][i=ResponseInfo{HTTP/1.1 404 null,295,false},cb=org.eclipse.jetty.server.HttpChannel$CommitCallback@5a5071a0] generate: NEED_HEADER (null,[p=0,l=295,c=2048,r=295],true)@START
15:41:38.579 [qtp549293029-18 - /login/api] DEBUG org.eclipse.jetty.server.HttpConnection - org.eclipse.jetty.server.HttpConnection$SendCallback@5ab54a45[PROCESSING][i=ResponseInfo{HTTP/1.1 404 null,295,false},cb=org.eclipse.jetty.server.HttpChannel$CommitCallback@5a5071a0] generate: FLUSH ([p=0,l=175,c=8192,r=175],[p=0,l=295,c=2048,r=295],true)@COMPLETING
15:41:38.579 [qtp549293029-18 - /login/api] DEBUG org.eclipse.jetty.io.WriteFlusher - write: WriteFlusher@10e4e96c{IDLE} [HeapByteBuffer@777618ad[p=0,l=175,c=8192,r=175]={<<<HTTP/1.1 404 Not ....v20150730)\r\n\r\n>>>\x00\x00\x00\x00\x00\x00\x00\x00\x00\x00\x00\x00\x00\x00\x00\x00\x00...\x00\x00\x00\x00\x00\x00\x00\x00\x00\x00\x00\x00\x00\x00\x00},HeapByteBuffer@67f9c977[p=0,l=295,c=2048,r=295]={<<<<html>\n<head>\n<me.../body>\n</html>\n>>>\x00\x00\x00\x00\x00\x00\x00\x00\x00\x00\x00\x00\x00\x00\x00\x00\x00...\x00\x00\x00\x00\x00\x00\x00\x00\x00\x00\x00\x00\x00\x00\x00}]
15:41:38.579 [qtp549293029-18 - /login/api] DEBUG org.eclipse.jetty.io.WriteFlusher - update WriteFlusher@10e4e96c{WRITING}:IDLE-->WRITING
15:41:38.579 [main] DEBUG org.apache.http.wire - http-outgoing-1 << "HTTP/1.1 404 Not Found[\r][\n]"
15:41:38.579 [main] DEBUG org.apache.http.wire - http-outgoing-1 << "Cache-Control: must-revalidate,no-cache,no-store[\r][\n]"
15:41:38.579 [main] DEBUG org.apache.http.wire - http-outgoing-1 << "Content-Type: text/html; charset=ISO-8859-1[\r][\n]"
15:41:38.579 [main] DEBUG org.apache.http.wire - http-outgoing-1 << "Content-Length: 295[\r][\n]"
15:41:38.579 [main] DEBUG org.apache.http.wire - http-outgoing-1 << "Server: Jetty(9.2.13.v20150730)[\r][\n]"
15:41:38.579 [main] DEBUG org.apache.http.wire - http-outgoing-1 << "[\r][\n]"
15:41:38.580 [main] DEBUG org.apache.http.headers - http-outgoing-1 << HTTP/1.1 404 Not Found
15:41:38.580 [main] DEBUG org.apache.http.headers - http-outgoing-1 << Cache-Control: must-revalidate,no-cache,no-store
15:41:38.580 [main] DEBUG org.apache.http.headers - http-outgoing-1 << Content-Type: text/html; charset=ISO-8859-1
15:41:38.580 [main] DEBUG org.apache.http.headers - http-outgoing-1 << Content-Length: 295
15:41:38.580 [main] DEBUG org.apache.http.headers - http-outgoing-1 << Server: Jetty(9.2.13.v20150730)
15:41:38.580 [main] DEBUG org.apache.http.impl.execchain.MainClientExec - Connection can be kept alive indefinitely
15:41:38.585 [qtp549293029-18 - /login/api] DEBUG org.eclipse.jetty.io.ChannelEndPoint - flushed 175 NetworkTrafficSelectChannelEndPoint@72ab88f7{/127.0.0.1:39488<->8080,Open,in,out,-,W,91/30000,HttpConnection}{io=0,kio=0,kro=1}
15:41:38.586 [main] DEBUG org.apache.http.wire - http-outgoing-1 << "<html>[\n]"
15:41:38.586 [main] DEBUG org.apache.http.wire - http-outgoing-1 << "<head>[\n]"
15:41:38.586 [main] DEBUG org.apache.http.wire - http-outgoing-1 << "<meta http-equiv="Content-Type" content="text/html;charset=ISO-8859-1"/>[\n]"
15:41:38.586 [main] DEBUG org.apache.http.wire - http-outgoing-1 << "<title>Error 404 </title>[\n]"
15:41:38.586 [main] DEBUG org.apache.http.wire - http-outgoing-1 << "</head>[\n]"
15:41:38.586 [main] DEBUG org.apache.http.wire - http-outgoing-1 << "<body>[\n]"
15:41:38.586 [main] DEBUG org.apache.http.wire - http-outgoing-1 << "<h2>HTTP ERROR: 404</h2>[\n]"
15:41:38.586 [main] DEBUG org.apache.http.wire - http-outgoing-1 << "<p>Problem accessing /__files/login/api. Reason:[\n]"
15:41:38.586 [main] DEBUG org.apache.http.wire - http-outgoing-1 << "<pre>    Not Found</pre></p>[\n]"
15:41:38.586 [main] DEBUG org.apache.http.wire - http-outgoing-1 << "<hr /><i><small>Powered by Jetty://</small></i>[\n]"
15:41:38.586 [main] DEBUG org.apache.http.wire - http-outgoing-1 << "</body>[\n]"
15:41:38.586 [main] DEBUG org.apache.http.wire - http-outgoing-1 << "</html>[\n]"
15:41:38.587 [main] DEBUG org.apache.http.impl.conn.PoolingHttpClientConnectionManager - Connection [id: 1][route: {}->http://localhost:8080] can be kept alive indefinitely
15:41:38.587 [main] DEBUG org.apache.http.impl.conn.PoolingHttpClientConnectionManager - Connection released: [id: 1][route: {}->http://localhost:8080][total kept alive: 1; route allocated: 1 of 2; total allocated: 1 of 20]
15:41:38.590 [qtp549293029-18 - /login/api] DEBUG org.eclipse.jetty.io.ChannelEndPoint - flushed 295 NetworkTrafficSelectChannelEndPoint@72ab88f7{/127.0.0.1:39488<->8080,Open,in,out,-,W,4/30000,HttpConnection}{io=0,kio=0,kro=1}
15:41:38.597 [qtp549293029-18 - /login/api] DEBUG org.eclipse.jetty.io.WriteFlusher - update WriteFlusher@10e4e96c{IDLE}:WRITING-->IDLE
15:41:38.597 [qtp549293029-18 - /login/api] DEBUG org.eclipse.jetty.server.HttpConnection - org.eclipse.jetty.server.HttpConnection$SendCallback@5ab54a45[PROCESSING][i=ResponseInfo{HTTP/1.1 404 null,295,false},cb=org.eclipse.jetty.server.HttpChannel$CommitCallback@5a5071a0] generate: DONE ([p=175,l=175,c=8192,r=0],[p=295,l=295,c=2048,r=0],true)@END
15:41:38.598 [qtp549293029-18 - /login/api] DEBUG org.eclipse.jetty.server.Server - RESPONSE /login/api  404 handled=true
15:41:38.598 [qtp549293029-18 - /login/api] DEBUG org.eclipse.jetty.server.HttpChannelState - HttpChannelState@339682cc{s=DISPATCHED i=true a=null} unhandle DISPATCHED
15:41:38.598 [qtp549293029-18 - /login/api] DEBUG org.eclipse.jetty.http.HttpParser - reset HttpParser{s=END,0 of 0}
15:41:38.598 [qtp549293029-18 - /login/api] DEBUG org.eclipse.jetty.http.HttpParser - END --> START
15:41:38.598 [qtp549293029-18] DEBUG org.eclipse.jetty.server.HttpChannel - HttpChannelOverHttp@7694127a{r=1,c=false,a=IDLE,uri=-} handle exit, result COMPLETE
15:41:38.599 [qtp549293029-18] DEBUG org.eclipse.jetty.io.ChannelEndPoint - filled 0 NetworkTrafficSelectChannelEndPoint@72ab88f7{/127.0.0.1:39488<->8080,Open,in,out,-,-,1/30000,HttpConnection}{io=0,kio=0,kro=1}
15:41:38.599 [qtp549293029-18] DEBUG org.eclipse.jetty.io.ChannelEndPoint - filled 0 NetworkTrafficSelectChannelEndPoint@72ab88f7{/127.0.0.1:39488<->8080,Open,in,out,-,-,2/30000,HttpConnection}{io=0,kio=0,kro=1}
15:41:38.599 [qtp549293029-18] DEBUG org.eclipse.jetty.http.HttpParser - parseNext s=START HeapByteBuffer@777618ad[p=0,l=0,c=8192,r=0]={<<<>>>HTTP/1.1 404 Not ...\x00\x00\x00\x00\x00\x00\x00\x00\x00\x00\x00\x00\x00\x00\x00}
15:41:38.599 [qtp549293029-18] DEBUG org.eclipse.jetty.io.AbstractConnection - fillInterested HttpConnection@2c2d199d{FILLING}
15:41:38.599 [qtp549293029-18] DEBUG org.eclipse.jetty.io.AbstractConnection - FILLING-->FILLING_FILL_INTERESTED HttpConnection@2c2d199d{FILLING_FILL_INTERESTED}
15:41:38.600 [qtp549293029-18] DEBUG org.eclipse.jetty.io.AbstractConnection - FILLING_FILL_INTERESTED-->FILL_INTERESTED HttpConnection@2c2d199d{FILL_INTERESTED}
15:41:38.600 [qtp549293029-18] DEBUG org.eclipse.jetty.io.SelectChannelEndPoint - Local interests updating 0 -> 1 for NetworkTrafficSelectChannelEndPoint@72ab88f7{/127.0.0.1:39488<->8080,Open,in,out,R,-,0/30000,HttpConnection}{io=1,kio=0,kro=1}
15:41:38.600 [qtp549293029-18] DEBUG org.eclipse.jetty.io.SelectorManager - Queued change org.eclipse.jetty.io.SelectChannelEndPoint$1@26fd0df
15:41:38.600 [qtp549293029-14-selector-ServerConnectorManager@4808bc9b/1] DEBUG org.eclipse.jetty.io.SelectorManager - Selector loop woken up from select, 0/1 selected
15:41:38.600 [qtp549293029-14-selector-ServerConnectorManager@4808bc9b/1] DEBUG org.eclipse.jetty.io.SelectorManager - Running change org.eclipse.jetty.io.SelectChannelEndPoint$1@26fd0df
15:41:38.601 [qtp549293029-14-selector-ServerConnectorManager@4808bc9b/1] DEBUG org.eclipse.jetty.io.SelectChannelEndPoint - Key interests updated 0 -> 1 on NetworkTrafficSelectChannelEndPoint@72ab88f7{/127.0.0.1:39488<->8080,Open,in,out,R,-,0/30000,HttpConnection}{io=1,kio=1,kro=1}
15:41:38.601 [qtp549293029-14-selector-ServerConnectorManager@4808bc9b/1] DEBUG org.eclipse.jetty.io.SelectorManager - Selector loop waiting on select
  &amp#27;[32mGiven &amp#27;[0m&amp#27;[32mthe following user exist in the system&amp#27;[0m                     &amp#27;[90m# LoginStepdefs.theFollowingUserExsistInTheSystem(io.cucumber.datatable.DataTable)&amp#27;[0m
15:41:43.994 [qtp549293029-15-acceptor-0@f99f5e0-NetworkTrafficServerConnector@81d9a72{HTTP/1.1}{0.0.0.0:8080}] DEBUG org.eclipse.jetty.io.SelectorManager - Queued change org.eclipse.jetty.io.SelectorManager$ManagedSelector$Accept@6a88223
15:41:43.995 [qtp549293029-13-selector-ServerConnectorManager@4808bc9b/0] DEBUG org.eclipse.jetty.io.SelectorManager - Selector loop woken up from select, 0/1 selected
15:41:43.995 [qtp549293029-13-selector-ServerConnectorManager@4808bc9b/0] DEBUG org.eclipse.jetty.io.SelectorManager - Running change org.eclipse.jetty.io.SelectorManager$ManagedSelector$Accept@6a88223
15:41:43.996 [qtp549293029-13-selector-ServerConnectorManager@4808bc9b/0] DEBUG org.eclipse.jetty.io.AbstractEndPoint - onOpen NetworkTrafficSelectChannelEndPoint@7e1f190c{/127.0.0.1:39734<->8080,Open,in,out,-,-,0/30000,null}{io=0,kio=0,kro=0}
15:41:43.996 [qtp549293029-13-selector-ServerConnectorManager@4808bc9b/0] DEBUG org.eclipse.jetty.io.IdleTimeout - NetworkTrafficSelectChannelEndPoint@7e1f190c{/127.0.0.1:39734<->8080,Open,in,out,-,-,1/30000,null}{io=0,kio=0,kro=0} idle timeout check, elapsed: 1 ms, remaining: 29999 ms
15:41:43.996 [qtp549293029-13-selector-ServerConnectorManager@4808bc9b/0] DEBUG org.eclipse.jetty.server.HttpChannel - new HttpChannelOverHttp@71b2c5cd{r=0,c=false,a=IDLE,uri=-} -> NetworkTrafficSelectChannelEndPoint@7e1f190c{/127.0.0.1:39734<->8080,Open,in,out,-,-,1/30000,null}{io=0,kio=0,kro=0},null,HttpChannelState@3a3613ff{s=IDLE i=true a=null}
15:41:43.997 [qtp549293029-13-selector-ServerConnectorManager@4808bc9b/0] DEBUG org.eclipse.jetty.server.HttpConnection - New HTTP Connection HttpConnection@6a4b5edc{IDLE}
15:41:43.997 [qtp549293029-13-selector-ServerConnectorManager@4808bc9b/0] DEBUG org.eclipse.jetty.io.AbstractConnection - onOpen HttpConnection@6a4b5edc{IDLE}
15:41:43.997 [qtp549293029-13-selector-ServerConnectorManager@4808bc9b/0] DEBUG org.eclipse.jetty.io.AbstractConnection - fillInterested HttpConnection@6a4b5edc{IDLE}
15:41:43.997 [qtp549293029-13-selector-ServerConnectorManager@4808bc9b/0] DEBUG org.eclipse.jetty.io.AbstractConnection - IDLE-->FILL_INTERESTED HttpConnection@6a4b5edc{FILL_INTERESTED}
15:41:43.997 [qtp549293029-13-selector-ServerConnectorManager@4808bc9b/0] DEBUG org.eclipse.jetty.io.SelectChannelEndPoint - Local interests updating 0 -> 1 for NetworkTrafficSelectChannelEndPoint@7e1f190c{/127.0.0.1:39734<->8080,Open,in,out,R,-,0/30000,HttpConnection}{io=1,kio=0,kro=0}
15:41:43.997 [qtp549293029-13-selector-ServerConnectorManager@4808bc9b/0] DEBUG org.eclipse.jetty.io.SelectorManager - Queued change org.eclipse.jetty.io.SelectChannelEndPoint$1@6c1afde0
[...]
15:41:44.005 [qtp549293029-19] DEBUG org.eclipse.jetty.http.HttpParser - parseNext s=START HeapByteBuffer@6972a7ca[p=0,l=340,c=8192,r=340]={<<<GET /api/login HT...:4200/login\r\n\r\n>>>tent-type" : {\n  ...\x00\x00\x00\x00\x00\x00\x00\x00\x00\x00\x00\x00\x00\x00\x00}
15:41:44.005 [qtp549293029-19] DEBUG org.eclipse.jetty.http.HttpParser - START --> SPACE1
15:41:44.005 [qtp549293029-19] DEBUG org.eclipse.jetty.http.HttpParser - SPACE1 --> URI
15:41:44.005 [qtp549293029-19] DEBUG org.eclipse.jetty.http.HttpParser - URI --> SPACE2
15:41:44.005 [qtp549293029-19] DEBUG org.eclipse.jetty.http.HttpParser - SPACE2 --> REQUEST_VERSION
15:41:44.005 [qtp549293029-19] DEBUG org.eclipse.jetty.http.HttpParser - REQUEST_VERSION --> HEADER
15:41:44.006 [qtp549293029-19] DEBUG org.eclipse.jetty.http.HttpParser - HEADER --> HEADER_VALUE
15:41:44.006 [qtp549293029-19] DEBUG org.eclipse.jetty.http.HttpParser - HEADER_VALUE --> HEADER_IN_VALUE
15:41:44.006 [qtp549293029-19] DEBUG org.eclipse.jetty.http.HttpParser - HEADER_IN_VALUE --> HEADER
15:41:44.006 [qtp549293029-19] DEBUG org.eclipse.jetty.http.HttpParser - HEADER --> HEADER_VALUE
15:41:44.006 [qtp549293029-19] DEBUG org.eclipse.jetty.http.HttpParser - HEADER_VALUE --> HEADER_IN_VALUE
15:41:44.006 [qtp549293029-19] DEBUG org.eclipse.jetty.http.HttpParser - HEADER_IN_VALUE --> HEADER
15:41:44.006 [qtp549293029-19] DEBUG org.eclipse.jetty.http.HttpParser - HEADER --> HEADER_VALUE
15:41:44.006 [qtp549293029-19] DEBUG org.eclipse.jetty.http.HttpParser - HEADER_VALUE --> HEADER_IN_VALUE
15:41:44.006 [qtp549293029-19] DEBUG org.eclipse.jetty.http.HttpParser - HEADER_IN_VALUE --> HEADER
15:41:44.006 [qtp549293029-19] DEBUG org.eclipse.jetty.http.HttpParser - HEADER --> HEADER_IN_VALUE
15:41:44.006 [qtp549293029-19] DEBUG org.eclipse.jetty.http.HttpParser - HEADER_IN_VALUE --> HEADER
15:41:44.006 [qtp549293029-19] DEBUG org.eclipse.jetty.http.HttpParser - HEADER --> HEADER_IN_VALUE
15:41:44.006 [qtp549293029-19] DEBUG org.eclipse.jetty.http.HttpParser - HEADER_IN_VALUE --> HEADER
15:41:44.006 [qtp549293029-19] DEBUG org.eclipse.jetty.http.HttpParser - HEADER --> HEADER_IN_NAME
15:41:44.006 [qtp549293029-19] DEBUG org.eclipse.jetty.http.HttpParser - HEADER_IN_NAME --> HEADER_VALUE
15:41:44.006 [qtp549293029-19] DEBUG org.eclipse.jetty.http.HttpParser - HEADER_VALUE --> HEADER_IN_VALUE
15:41:44.006 [qtp549293029-19] DEBUG org.eclipse.jetty.http.HttpParser - HEADER_IN_VALUE --> HEADER
15:41:44.006 [qtp549293029-19] DEBUG org.eclipse.jetty.http.HttpParser - HEADER --> HEADER_IN_VALUE
15:41:44.006 [qtp549293029-19] DEBUG org.eclipse.jetty.http.HttpParser - HEADER_IN_VALUE --> HEADER
15:41:44.006 [qtp549293029-19] DEBUG org.eclipse.jetty.http.HttpParser - HEADER --> HEADER_VALUE
15:41:44.006 [qtp549293029-19] DEBUG org.eclipse.jetty.http.HttpParser - HEADER_VALUE --> HEADER_IN_VALUE
15:41:44.006 [qtp549293029-19] DEBUG org.eclipse.jetty.http.HttpParser - HEADER_IN_VALUE --> HEADER
15:41:44.006 [qtp549293029-19] DEBUG org.eclipse.jetty.http.HttpParser - HEADER --> END
15:41:44.006 [qtp549293029-19] DEBUG org.eclipse.jetty.server.HttpChannel - HttpChannelOverHttp@71b2c5cd{r=1,c=false,a=IDLE,uri=-} messageComplete
15:41:44.008 [qtp549293029-19] DEBUG org.eclipse.jetty.server.HttpInput - HttpInputOverHTTP@52db2e47 EOF
15:41:44.008 [qtp549293029-19] DEBUG org.eclipse.jetty.server.HttpChannel - HttpChannelOverHttp@71b2c5cd{r=1,c=false,a=IDLE,uri=-} handle enter
15:41:44.008 [qtp549293029-19 - /api/login] DEBUG org.eclipse.jetty.server.HttpChannelState - HttpChannelState@3a3613ff{s=IDLE i=true a=null} handling IDLE
15:41:44.009 [qtp549293029-19 - /api/login] DEBUG org.eclipse.jetty.server.HttpChannel - HttpChannelOverHttp@71b2c5cd{r=1,c=false,a=DISPATCHED,uri=/api/login} action REQUEST_DISPATCH
15:41:44.009 [qtp549293029-19 - /api/login] DEBUG org.eclipse.jetty.server.Server - REQUEST GET /api/login on HttpChannelOverHttp@71b2c5cd{r=1,c=false,a=DISPATCHED,uri=/api/login}
15:41:44.009 [qtp549293029-19 - /api/login] DEBUG org.eclipse.jetty.server.handler.ContextHandler - scope null||/api/login @ o.e.j.s.ServletContextHandler@4bbf6d0e{/__admin,null,AVAILABLE}
15:41:44.009 [qtp549293029-19 - /api/login] DEBUG org.eclipse.jetty.server.handler.ContextHandler - scope null||/api/login @ o.e.j.s.ServletContextHandler@bb9e6dc{/,null,AVAILABLE}
15:41:44.009 [qtp549293029-19 - /api/login] DEBUG org.eclipse.jetty.server.handler.ContextHandler - context=||/api/login @ o.e.j.s.ServletContextHandler@bb9e6dc{/,null,AVAILABLE}
15:41:44.009 [qtp549293029-19 - /api/login] DEBUG org.eclipse.jetty.servlet.ServletHandler - servlet |/api/login|null -> com.github.tomakehurst.wiremock.servlet.WireMockHandlerDispatchingServlet-50313382@2504f8e1==com.github.tomakehurst.wiremock.servlet.WireMockHandlerDispatchingServlet,-1,true
15:41:44.009 [qtp549293029-19 - /api/login] DEBUG org.eclipse.jetty.servlet.ServletHandler - chain=org.eclipse.jetty.servlets.GzipFilter-5d43661b->com.github.tomakehurst.wiremock.servlet.WireMockHandlerDispatchingServlet-50313382@2504f8e1==com.github.tomakehurst.wiremock.servlet.WireMockHandlerDispatchingServlet,-1,true
15:41:44.009 [qtp549293029-19 - /api/login] DEBUG org.eclipse.jetty.servlet.ServletHandler - call filter org.eclipse.jetty.servlets.GzipFilter-5d43661b
15:41:44.009 [qtp549293029-19 - /api/login] DEBUG org.eclipse.jetty.servlet.ServletHandler - call servlet com.github.tomakehurst.wiremock.servlet.WireMockHandlerDispatchingServlet-50313382@2504f8e1==com.github.tomakehurst.wiremock.servlet.WireMockHandlerDispatchingServlet,-1,true
15:41:44.010 [qtp549293029-19 - /api/login] DEBUG org.eclipse.jetty.server.HttpInput - HttpInputOverHTTP@52db2e47 eof EOF
15:41:44.010 [qtp549293029-19 - /api/login] DEBUG org.eclipse.jetty.server.HttpInput - HttpInputOverHTTP@52db2e47 eof EOF
15:41:44.035 [qtp549293029-19 - /api/login] ERROR WireMock - Request was not matched:
{
  "url" : "/api/login",
  "absoluteUrl" : "http://localhost:8080/api/login",
  "method" : "GET",
  "clientIp" : "127.0.0.1",
  "headers" : {
    "Origin" : "http://localhost:4200",
    "Accept" : "application/json, text/plain, */*",
    "User-Agent" : "Mozilla/5.0 (X11; Ubuntu; Linux x86_64; rv:72.0) Gecko/20100101 Firefox/72.0",
    "Connection" : "keep-alive",
    "Referer" : "http://localhost:4200/login",
    "Host" : "localhost:8080",
    "Accept-Language" : "en-US,en;q=0.5",
    "Accept-Encoding" : "gzip, deflate"
  },
  "cookies" : { },
  "browserProxyRequest" : false,
  "loggedDate" : 1581514904011,
  "bodyAsBase64" : "",
  "body" : "",
  "loggedDateString" : "2020-02-12T13:41:44Z"
}
Closest match:
{
  "url" : "/api/login",
  "method" : "GET",
  "headers" : {
    "content-type" : {
      "equalTo" : "application/json"
    }
  },
  "bodyPatterns" : [ {
    "contains" : "testing-framework"
  } ]
}
15:41:44.036 [qtp549293029-19 - /api/login] DEBUG org.eclipse.jetty.server.handler.ContextHandler - scope /||/__files/api/login @ o.e.j.s.ServletContextHandler@bb9e6dc{/,null,AVAILABLE}
15:41:44.036 [qtp549293029-19 - /api/login] DEBUG org.eclipse.jetty.server.handler.ContextHandler - context=||/__files/api/login @ o.e.j.s.ServletContextHandler@bb9e6dc{/,null,AVAILABLE}
15:41:44.037 [qtp549293029-19 - /api/login] DEBUG org.eclipse.jetty.servlet.ServletHandler - servlet |/__files|/api/login -> org.eclipse.jetty.servlet.DefaultServlet-6692b6c6@76fd7bbf==org.eclipse.jetty.servlet.DefaultServlet,-1,true
15:41:44.037 [qtp549293029-19 - /api/login] DEBUG org.eclipse.jetty.servlet.ServletHandler - chain=org.eclipse.jetty.servlets.GzipFilter-5d43661b->com.github.tomakehurst.wiremock.servlet.ContentTypeSettingFilter-4bf48f6->com.github.tomakehurst.wiremock.servlet.TrailingSlashFilter-62833051->org.eclipse.jetty.servlet.DefaultServlet-6692b6c6@76fd7bbf==org.eclipse.jetty.servlet.DefaultServlet,-1,true
15:41:44.037 [qtp549293029-19 - /api/login] DEBUG org.eclipse.jetty.servlet.ServletHandler - call filter org.eclipse.jetty.servlets.GzipFilter-5d43661b
15:41:44.037 [qtp549293029-19 - /api/login] DEBUG org.eclipse.jetty.servlet.ServletHandler - call filter com.github.tomakehurst.wiremock.servlet.ContentTypeSettingFilter-4bf48f6
15:41:44.037 [qtp549293029-19 - /api/login] DEBUG org.eclipse.jetty.servlet.ServletHandler - call filter com.github.tomakehurst.wiremock.servlet.TrailingSlashFilter-62833051
15:41:44.037 [qtp549293029-19 - /api/login] DEBUG org.eclipse.jetty.servlet.ServletHandler - call servlet org.eclipse.jetty.servlet.DefaultServlet-6692b6c6@76fd7bbf==org.eclipse.jetty.servlet.DefaultServlet,-1,true
15:41:44.038 [qtp549293029-19 - /api/login] DEBUG org.eclipse.jetty.servlet.DefaultServlet - Resource /__files/api/login=file:/home/mohannad/IdeaProjects/test%20workshop/src/test/resources/__files/api/login
15:41:44.038 [qtp549293029-19 - /api/login] DEBUG org.eclipse.jetty.servlet.DefaultServlet - uri=/__files/api/login, resource=null, content=null
15:41:44.038 [qtp549293029-19 - /api/login] DEBUG org.eclipse.jetty.server.HttpConnection - org.eclipse.jetty.server.HttpConnection$SendCallback@5c1cda6c[PROCESSING][i=ResponseInfo{HTTP/1.1 404 null,295,false},cb=org.eclipse.jetty.server.HttpChannel$CommitCallback@58234537] generate: NEED_HEADER (null,[p=0,l=295,c=2048,r=295],true)@START
15:41:44.038 [qtp549293029-19 - /api/login] DEBUG org.eclipse.jetty.server.HttpConnection - org.eclipse.jetty.server.HttpConnection$SendCallback@5c1cda6c[PROCESSING][i=ResponseInfo{HTTP/1.1 404 null,295,false},cb=org.eclipse.jetty.server.HttpChannel$CommitCallback@58234537] generate: FLUSH ([p=0,l=175,c=8192,r=175],[p=0,l=295,c=2048,r=295],true)@COMPLETING
15:41:44.039 [qtp549293029-19 - /api/login] DEBUG org.eclipse.jetty.io.WriteFlusher - write: WriteFlusher@16037ca2{IDLE} [HeapByteBuffer@777618ad[p=0,l=175,c=8192,r=175]={<<<HTTP/1.1 404 Not ....v20150730)\r\n\r\n>>>\x00\x00\x00\x00\x00\x00\x00\x00\x00\x00\x00\x00\x00\x00\x00\x00\x00...\x00\x00\x00\x00\x00\x00\x00\x00\x00\x00\x00\x00\x00\x00\x00},HeapByteBuffer@1d21d057[p=0,l=295,c=2048,r=295]={<<<<html>\n<head>\n<me.../body>\n</html>\n>>>\x00\x00\x00\x00\x00\x00\x00\x00\x00\x00\x00\x00\x00\x00\x00\x00\x00...\x00\x00\x00\x00\x00\x00\x00\x00\x00\x00\x00\x00\x00\x00\x00}]
15:41:44.039 [qtp549293029-19 - /api/login] DEBUG org.eclipse.jetty.io.WriteFlusher - update WriteFlusher@16037ca2{WRITING}:IDLE-->WRITING
15:41:44.039 [qtp549293029-19 - /api/login] DEBUG org.eclipse.jetty.io.ChannelEndPoint - flushed 175 NetworkTrafficSelectChannelEndPoint@7e1f190c{/127.0.0.1:39734<->8080,Open,in,out,-,W,34/30000,HttpConnection}{io=0,kio=0,kro=1}
15:41:44.039 [qtp549293029-19 - /api/login] DEBUG org.eclipse.jetty.io.ChannelEndPoint - flushed 295 NetworkTrafficSelectChannelEndPoint@7e1f190c{/127.0.0.1:39734<->8080,Open,in,out,-,W,0/30000,HttpConnection}{io=0,kio=0,kro=1}
15:41:44.040 [qtp549293029-19 - /api/login] DEBUG org.eclipse.jetty.io.WriteFlusher - update WriteFlusher@16037ca2{IDLE}:WRITING-->IDLE
15:41:44.040 [qtp549293029-19 - /api/login] DEBUG org.eclipse.jetty.server.HttpConnection - org.eclipse.jetty.server.HttpConnection$SendCallback@5c1cda6c[PROCESSING][i=ResponseInfo{HTTP/1.1 404 null,295,false},cb=org.eclipse.jetty.server.HttpChannel$CommitCallback@58234537] generate: DONE ([p=175,l=175,c=8192,r=0],[p=295,l=295,c=2048,r=0],true)@END
15:41:44.040 [qtp549293029-19 - /api/login] DEBUG org.eclipse.jetty.server.Server - RESPONSE /api/login  404 handled=true
15:41:44.040 [qtp549293029-19 - /api/login] DEBUG org.eclipse.jetty.server.HttpChannelState - HttpChannelState@3a3613ff{s=DISPATCHED i=true a=null} unhandle DISPATCHED
15:41:44.040 [qtp549293029-19 - /api/login] DEBUG org.eclipse.jetty.http.HttpParser - reset HttpParser{s=END,0 of 0}
15:41:44.040 [qtp549293029-19 - /api/login] DEBUG org.eclipse.jetty.http.HttpParser - END --> START
15:41:44.040 [qtp549293029-19] DEBUG org.eclipse.jetty.server.HttpChannel - HttpChannelOverHttp@71b2c5cd{r=1,c=false,a=IDLE,uri=-} handle exit, result COMPLETE
15:41:44.050 [qtp549293029-19] DEBUG org.eclipse.jetty.io.ChannelEndPoint - filled 0 NetworkTrafficSelectChannelEndPoint@7e1f190c{/127.0.0.1:39734<->8080,Open,in,out,-,-,9/30000,HttpConnection}{io=0,kio=0,kro=1}
15:41:44.050 [qtp549293029-19] DEBUG org.eclipse.jetty.io.ChannelEndPoint - filled 0 NetworkTrafficSelectChannelEndPoint@7e1f190c{/127.0.0.1:39734<->8080,Open,in,out,-,-,10/30000,HttpConnection}{io=0,kio=0,kro=1}
15:41:44.050 [qtp549293029-19] DEBUG org.eclipse.jetty.http.HttpParser - parseNext s=START HeapByteBuffer@777618ad[p=0,l=0,c=8192,r=0]={<<<>>>HTTP/1.1 404 Not ...\x00\x00\x00\x00\x00\x00\x00\x00\x00\x00\x00\x00\x00\x00\x00}
15:41:44.050 [qtp549293029-19] DEBUG org.eclipse.jetty.io.AbstractConnection - fillInterested HttpConnection@6a4b5edc{FILLING}
15:41:44.050 [qtp549293029-19] DEBUG org.eclipse.jetty.io.AbstractConnection - FILLING-->FILLING_FILL_INTERESTED HttpConnection@6a4b5edc{FILLING_FILL_INTERESTED}
15:41:44.050 [qtp549293029-19] DEBUG org.eclipse.jetty.io.AbstractConnection - FILLING_FILL_INTERESTED-->FILL_INTERESTED HttpConnection@6a4b5edc{FILL_INTERESTED}
15:41:44.050 [qtp549293029-19] DEBUG org.eclipse.jetty.io.SelectChannelEndPoint - Local interests updating 0 -> 1 for NetworkTrafficSelectChannelEndPoint@7e1f190c{/127.0.0.1:39734<->8080,Open,in,out,R,-,0/30000,HttpConnection}{io=1,kio=0,kro=1}
15:41:44.050 [qtp549293029-19] DEBUG org.eclipse.jetty.io.SelectorManager - Queued change org.eclipse.jetty.io.SelectChannelEndPoint$1@6c1afde0
15:41:44.052 [qtp549293029-13-selector-ServerConnectorManager@4808bc9b/0] DEBUG org.eclipse.jetty.io.SelectorManager - Selector loop woken up from select, 0/2 selected
15:41:44.052 [qtp549293029-13-selector-ServerConnectorManager@4808bc9b/0] DEBUG org.eclipse.jetty.io.SelectorManager - Running change org.eclipse.jetty.io.SelectChannelEndPoint$1@6c1afde0
15:41:44.052 [qtp549293029-13-selector-ServerConnectorManager@4808bc9b/0] DEBUG org.eclipse.jetty.io.SelectChannelEndPoint - Key interests updated 0 -> 1 on NetworkTrafficSelectChannelEndPoint@7e1f190c{/127.0.0.1:39734<->8080,Open,in,out,R,-,2/30000,HttpConnection}{io=1,kio=1,kro=1}
15:41:44.052 [qtp549293029-13-selector-ServerConnectorManager@4808bc9b/0] DEBUG org.eclipse.jetty.io.SelectorManager - Selector loop waiting on select
  &amp#27;[32mWhen &amp#27;[0m&amp#27;[32mI login with my credentials&amp#27;[0m                                 &amp#27;[90m# LoginStepdefs.iLoginWithMyCredentials(io.cucumber.datatable.DataTable)&amp#27;[0m
  &amp#27;[31mThen &amp#27;[0m&amp#27;[31mI should login to the application and see a welcome message&amp#27;[0m &amp#27;[90m# LoginStepdefs.iShouldLoginToTheApplicationAndSeeAWelcomeMessage()&amp#27;[0m
      &amp#27;[31mio.cucumber.core.exception.CucumberException: Step [I should login to the application and see a welcome message] is defined with 0 parameters at 'LoginStepdefs.iShouldLoginToTheApplicationAndSeeAWelcomeMessage()'.
However, the gherkin step has 1 arguments:
 * Table:
      | firstname | lastname |
      | ahmed     | hammad   |

Step text: I should login to the application and see a welcome message
	at io.cucumber.core.runner.PickleStepDefinitionMatch.arityMismatch(PickleStepDefinitionMatch.java:135)
	at io.cucumber.core.runner.PickleStepDefinitionMatch.runStep(PickleStepDefinitionMatch.java:42)
	at io.cucumber.core.runner.TestStep.executeStep(TestStep.java:64)
	at io.cucumber.core.runner.TestStep.run(TestStep.java:49)
	at io.cucumber.core.runner.PickleStepTestStep.run(PickleStepTestStep.java:46)
	at io.cucumber.core.runner.TestCase.run(TestCase.java:51)
	at io.cucumber.core.runner.Runner.runPickle(Runner.java:66)
	at io.cucumber.junit.PickleRunners$NoStepDescriptions.run(PickleRunners.java:149)
	at io.cucumber.junit.FeatureRunner.runChild(FeatureRunner.java:83)
	at io.cucumber.junit.FeatureRunner.runChild(FeatureRunner.java:24)
	at org.junit.runners.ParentRunner$4.run(ParentRunner.java:331)
	at org.junit.runners.ParentRunner$1.schedule(ParentRunner.java:79)
	at org.junit.runners.ParentRunner.runChildren(ParentRunner.java:329)
	at org.junit.runners.ParentRunner.access$100(ParentRunner.java:66)
	at org.junit.runners.ParentRunner$2.evaluate(ParentRunner.java:293)
	at org.junit.runners.ParentRunner$3.evaluate(ParentRunner.java:306)
	at org.junit.runners.ParentRunner.run(ParentRunner.java:413)
	at io.cucumber.junit.Cucumber.runChild(Cucumber.java:185)
	at io.cucumber.junit.Cucumber.runChild(Cucumber.java:83)
	at org.junit.runners.ParentRunner$4.run(ParentRunner.java:331)
	at org.junit.runners.ParentRunner$1.schedule(ParentRunner.java:79)
	at org.junit.runners.ParentRunner.runChildren(ParentRunner.java:329)
	at org.junit.runners.ParentRunner.access$100(ParentRunner.java:66)
	at org.junit.runners.ParentRunner$2.evaluate(ParentRunner.java:293)
	at io.cucumber.junit.Cucumber$RunCucumber.evaluate(Cucumber.java:219)
	at org.junit.runners.ParentRunner$3.evaluate(ParentRunner.java:306)
	at org.junit.runners.ParentRunner.run(ParentRunner.java:413)
	at org.junit.runners.Suite.runChild(Suite.java:128)
	at org.junit.runners.Suite.runChild(Suite.java:27)
	at org.junit.runners.ParentRunner$4.run(ParentRunner.java:331)
	at org.junit.runners.ParentRunner$1.schedule(ParentRunner.java:79)
	at org.junit.runners.ParentRunner.runChildren(ParentRunner.java:329)
	at org.junit.runners.ParentRunner.access$100(ParentRunner.java:66)
	at org.junit.runners.ParentRunner$2.evaluate(ParentRunner.java:293)
	at org.junit.runners.ParentRunner$3.evaluate(ParentRunner.java:306)
	at org.junit.runners.ParentRunner.run(ParentRunner.java:413)
	at org.apache.maven.surefire.junitcore.JUnitCore.run(JUnitCore.java:55)
	at org.apache.maven.surefire.junitcore.JUnitCoreWrapper.createRequestAndRun(JUnitCoreWrapper.java:137)
	at org.apache.maven.surefire.junitcore.JUnitCoreWrapper.executeEager(JUnitCoreWrapper.java:107)
	at org.apache.maven.surefire.junitcore.JUnitCoreWrapper.execute(JUnitCoreWrapper.java:83)
	at org.apache.maven.surefire.junitcore.JUnitCoreWrapper.execute(JUnitCoreWrapper.java:75)
	at org.apache.maven.surefire.junitcore.JUnitCoreProvider.invoke(JUnitCoreProvider.java:157)
	at org.apache.maven.surefire.booter.ForkedBooter.invokeProviderInSameClassLoader(ForkedBooter.java:386)
	at org.apache.maven.surefire.booter.ForkedBooter.runSuitesInProcess(ForkedBooter.java:323)
	at org.apache.maven.surefire.booter.ForkedBooter.main(ForkedBooter.java:143)
&amp#27;[0m
]]></system-out>
    <system-err><![CDATA[Feb 12, 2020 3:41:36 PM io.cucumber.junit.Cucumber <init>
WARNING: By default Cucumber is running in --non-strict mode.
This default will change to --strict and --non-strict will be removed.
You can use --strict or @CucumberOptions(strict = true) to suppress this warning
1581514899017	mozrunner::runner	INFO	Running command: "/usr/lib/firefox/firefox" "-marionette" "-foreground" "-no-remote" "-profile" "/tmp/rust_mozprofile.qmHWgDEcvHUc"
1581514899797	addons.webextension.doh-rollout@mozilla.org	WARN	Loading extension 'doh-rollout@mozilla.org': Reading manifest: Invalid extension permission: networkStatus
1581514900075	addons.webextension.screenshots@mozilla.org	WARN	Loading extension 'screenshots@mozilla.org': Reading manifest: Invalid extension permission: mozillaAddons
1581514900076	addons.webextension.screenshots@mozilla.org	WARN	Loading extension 'screenshots@mozilla.org': Reading manifest: Invalid extension permission: telemetry
1581514900076	addons.webextension.screenshots@mozilla.org	WARN	Loading extension 'screenshots@mozilla.org': Reading manifest: Invalid extension permission: resource://pdf.js/
1581514900076	addons.webextension.screenshots@mozilla.org	WARN	Loading extension 'screenshots@mozilla.org': Reading manifest: Invalid extension permission: about:reader*
1581514902644	Marionette	INFO	Listening on port 45647
1581514902731	Marionette	WARN	TLS certificate errors will be ignored for this session
Feb 12, 2020 3:41:42 PM org.openqa.selenium.remote.ProtocolHandshake createSession
INFO: Detected dialect: W3C
]]></system-err>
  </testcase>
</testsuite>